2026-03-24 16:27:18,189 [INFO] Building snapshot for 2026-02-28
2026-03-24 16:27:18,190 [INFO]   MTD:   2026-02-01 -> 2026-02-28  (28d)
2026-03-24 16:27:18,191 [INFO]   LM:    2026-01-01 -> 2026-01-31  (31d)
2026-03-24 16:27:18,191 [INFO]   LMTD:  2026-01-01 -> 2026-01-28  (28d)
2026-03-24 16:27:18,191 [INFO]   LYMTD: 2025-02-01 -> 2025-02-28  (28d)
2026-03-24 16:27:18,192 [INFO]   LYSM:  2025-02-01 -> 2025-02-28
2026-03-24 16:28:08,835 [INFO] Snapshot built -- 4,836 HPCs
2026-03-24 16:28:08,837 [INFO] Building farmer health for 2026-02-28
2026-03-24 16:28:12,433 [INFO] Farmer health built — 4,735 HPCs for 2026-02-28
2026-03-24 16:28:12,441 [INFO] Building farmer RFM for 2026-02-28
2026-03-24 16:28:12,941 [INFO]   RFM thresholds: F=[27,28d] M=[4199.09,11462.1 Rs]
2026-03-24 16:28:14,536 [INFO]   Dormant candidate count: 9,688
2026-03-24 16:28:14,602 [INFO]   Current month active farmers: 97,739
2026-03-24 16:28:18,197 [INFO]   Current month active farmers : 97,739
2026-03-24 16:28:18,198 [INFO]   Dormant candidates (LM->now) : 9,688
2026-03-24 16:28:18,198 [INFO]   Churned candidates (2m->now) : 7,797
2026-03-24 16:28:26,967 [INFO]   RFM At Risk: 28,677
2026-03-24 16:28:26,968 [INFO]   RFM Champion: 52,299
2026-03-24 16:28:26,968 [INFO]   RFM Churned: 7,797
2026-03-24 16:28:26,969 [INFO]   RFM Dormant: 9,688
2026-03-24 16:28:26,969 [INFO]   RFM Loyal: 16,763
2026-03-24 16:45:25,154 [INFO] Building summaries: (2024, 1) -> (2026, 2) (26 months)
2026-03-24 16:45:25,221 [INFO]   2024-01: 31 files, 31 days in month
2026-03-24 16:45:36,094 [INFO]     daily_hpc:    139,125 rows
2026-03-24 16:45:36,738 [INFO]     monthly_hpc:  2,302 rows
2026-03-24 16:45:37,370 [ERROR]   build_month 2024-01 FAILED: Execution failed
Traceback (most recent call last):
  File "C:\Users\raghavkumar.j\Desktop\demo\Heritage Saksham\venv\Lib\site-packages\pandas\io\sql.py", line 2571, in _execute_insert
    conn.executemany(self.insert_statement(num_rows=1), data_list)
    ~~~~~~~~~~~~~~~~^^^^^^^^^^^^^^^^^^^^^^^^^^^^^^^^^^^^^^^^^^^^^^
sqlite3.OperationalError: table proc_monthly_farmer has no column named days_in_month

The above exception was the direct cause of the following exception:

Traceback (most recent call last):
  File "C:\Users\raghavkumar.j\Desktop\demo\Heritage Saksham\pipeline.py", line 403, in build_month
    monthly_farmer.to_sql("proc_monthly_farmer", conn, if_exists="append", index=False)
    ~~~~~~~~~~~~~~~~~~~~~^^^^^^^^^^^^^^^^^^^^^^^^^^^^^^^^^^^^^^^^^^^^^^^^^^^^^^^^^^^^^^
  File "C:\Users\raghavkumar.j\Desktop\demo\Heritage Saksham\venv\Lib\site-packages\pandas\core\generic.py", line 3052, in to_sql
    return sql.to_sql(
           ~~~~~~~~~~^
        self,
        ^^^^^
    ...<8 lines>...
        method=method,
        ^^^^^^^^^^^^^^
    )
    ^
  File "C:\Users\raghavkumar.j\Desktop\demo\Heritage Saksham\venv\Lib\site-packages\pandas\io\sql.py", line 841, in to_sql
    return pandas_sql.to_sql(
           ~~~~~~~~~~~~~~~~~^
        frame,
        ^^^^^^
    ...<9 lines>...
        **engine_kwargs,
        ^^^^^^^^^^^^^^^^
    )
    ^
  File "C:\Users\raghavkumar.j\Desktop\demo\Heritage Saksham\venv\Lib\site-packages\pandas\io\sql.py", line 2880, in to_sql
    return table.insert(chunksize, method)
           ~~~~~~~~~~~~^^^^^^^^^^^^^^^^^^^
  File "C:\Users\raghavkumar.j\Desktop\demo\Heritage Saksham\venv\Lib\site-packages\pandas\io\sql.py", line 1122, in insert
    num_inserted = exec_insert(conn, keys, chunk_iter)
  File "C:\Users\raghavkumar.j\Desktop\demo\Heritage Saksham\venv\Lib\site-packages\pandas\io\sql.py", line 2573, in _execute_insert
    raise DatabaseError("Execution failed") from exc
pandas.errors.DatabaseError: Execution failed
2026-03-24 16:49:12,711 [INFO] Building summaries: (2024, 1) -> (2026, 2) (26 months)
2026-03-24 16:49:12,737 [INFO]   2024-01: 31 files, 31 days in month
2026-03-24 16:49:26,858 [INFO]     daily_hpc:    139,125 rows
2026-03-24 16:49:27,353 [INFO]     monthly_hpc:  2,302 rows
2026-03-24 16:49:30,283 [INFO]     monthly_farmer: 42,688 rows
2026-03-24 16:49:43,424 [INFO]     quality_incidents: 400,202 rows
2026-03-24 16:49:43,438 [INFO]   2024-02: 29 files, 29 days in month
2026-03-24 16:49:55,665 [INFO]     daily_hpc:    131,050 rows
2026-03-24 16:49:56,335 [INFO]     monthly_hpc:  2,356 rows
2026-03-24 16:49:59,246 [INFO]     monthly_farmer: 43,808 rows
2026-03-24 16:50:14,082 [INFO]     quality_incidents: 458,618 rows
2026-03-24 16:50:14,098 [INFO]   2024-03: 31 files, 31 days in month
2026-03-24 16:50:27,106 [INFO]     daily_hpc:    144,364 rows
2026-03-24 16:50:27,834 [INFO]     monthly_hpc:  2,446 rows
2026-03-24 16:50:30,810 [INFO]     monthly_farmer: 45,889 rows
2026-03-24 16:50:48,723 [INFO]     quality_incidents: 570,827 rows
2026-03-24 16:50:48,735 [INFO]   2024-04: 30 files, 30 days in month
2026-03-24 16:51:02,421 [INFO]     daily_hpc:    144,009 rows
2026-03-24 16:51:03,099 [INFO]     monthly_hpc:  2,511 rows
2026-03-24 16:51:06,313 [INFO]     monthly_farmer: 47,155 rows
2026-03-24 16:51:26,901 [INFO]     quality_incidents: 646,668 rows
2026-03-24 16:51:26,914 [INFO]   2024-05: 31 files, 31 days in month
2026-03-24 16:51:41,271 [INFO]     daily_hpc:    152,936 rows
2026-03-24 16:51:41,865 [INFO]     monthly_hpc:  2,557 rows
2026-03-24 16:51:44,940 [INFO]     monthly_farmer: 48,434 rows
2026-03-24 16:52:07,831 [INFO]     quality_incidents: 722,254 rows
2026-03-24 16:52:07,840 [INFO]   2024-06: 30 files, 30 days in month
2026-03-24 17:01:52,424 [INFO]     daily_hpc:    151,794 rows
2026-03-24 17:01:53,271 [INFO]     monthly_hpc:  2,608 rows
2026-03-24 17:01:57,102 [INFO]     monthly_farmer: 50,341 rows
2026-03-24 17:02:29,229 [INFO]     quality_incidents: 637,883 rows
2026-03-24 17:02:29,252 [INFO]   2024-07: 31 files, 31 days in month
2026-03-24 17:03:06,211 [INFO]     daily_hpc:    158,512 rows
2026-03-24 17:03:06,976 [INFO]     monthly_hpc:  2,686 rows
2026-03-24 17:03:10,873 [INFO]     monthly_farmer: 53,029 rows
2026-03-24 17:03:35,255 [INFO]     quality_incidents: 658,457 rows
2026-03-24 17:03:35,268 [INFO]   2024-08: 31 files, 31 days in month
2026-03-24 17:03:55,629 [INFO]     daily_hpc:    163,152 rows
2026-03-24 17:03:57,293 [INFO]     monthly_hpc:  2,830 rows
2026-03-24 17:04:07,737 [INFO]     monthly_farmer: 56,424 rows
2026-03-24 17:05:19,457 [INFO]     quality_incidents: 715,719 rows
2026-03-24 17:05:19,473 [INFO]   2024-09: 30 files, 30 days in month
2026-03-24 17:05:52,638 [INFO]     daily_hpc:    168,593 rows
2026-03-24 17:05:54,453 [INFO]     monthly_hpc:  2,972 rows
2026-03-24 17:06:06,467 [INFO]     monthly_farmer: 61,263 rows
2026-03-24 17:07:16,132 [INFO]     quality_incidents: 686,284 rows
2026-03-24 17:07:16,157 [INFO]   2024-10: 30 files, 31 days in month
2026-03-24 17:08:00,481 [INFO]     daily_hpc:    180,341 rows
2026-03-24 17:08:02,309 [INFO]     monthly_hpc:  3,180 rows
2026-03-24 17:08:15,499 [INFO]     monthly_farmer: 67,528 rows
2026-03-24 17:09:31,010 [INFO]     quality_incidents: 760,309 rows
2026-03-24 17:09:31,029 [INFO]   2024-11: 30 files, 30 days in month
2026-03-24 17:10:17,965 [INFO]     daily_hpc:    192,402 rows
2026-03-24 17:10:20,027 [INFO]     monthly_hpc:  3,354 rows
2026-03-24 17:10:34,132 [INFO]     monthly_farmer: 72,818 rows
2026-03-24 17:11:37,161 [INFO]     quality_incidents: 761,442 rows
2026-03-24 17:11:37,185 [INFO]   2024-12: 31 files, 31 days in month
2026-03-24 17:12:27,430 [INFO]     daily_hpc:    209,166 rows
2026-03-24 17:12:29,631 [INFO]     monthly_hpc:  3,505 rows
2026-03-24 17:12:44,772 [INFO]     monthly_farmer: 77,133 rows
2026-03-24 17:13:58,409 [INFO]     quality_incidents: 826,184 rows
2026-03-24 17:13:58,433 [INFO]   2025-01: 31 files, 31 days in month
2026-03-24 17:15:11,261 [INFO]     daily_hpc:    216,300 rows
2026-03-24 17:15:13,718 [INFO]     monthly_hpc:  3,637 rows
2026-03-24 17:15:29,355 [INFO]     monthly_farmer: 79,130 rows
2026-03-24 17:17:07,170 [INFO]     quality_incidents: 859,115 rows
2026-03-24 17:17:07,196 [INFO]   2025-02: 28 files, 28 days in month
2026-03-24 17:18:47,488 [INFO]     daily_hpc:    202,049 rows
2026-03-24 17:18:49,660 [INFO]     monthly_hpc:  3,786 rows
2026-03-24 17:19:09,955 [INFO]     monthly_farmer: 79,639 rows
2026-03-24 17:20:42,693 [INFO]     quality_incidents: 892,876 rows
2026-03-24 17:20:42,718 [INFO]   2025-03: 31 files, 31 days in month
2026-03-24 17:21:42,807 [INFO]     daily_hpc:    233,293 rows
2026-03-24 17:21:43,781 [INFO]     monthly_hpc:  3,917 rows
2026-03-24 17:22:02,624 [INFO]     monthly_farmer: 81,340 rows
2026-03-24 17:24:14,032 [INFO]     quality_incidents: 1,143,435 rows
2026-03-24 17:24:14,055 [INFO]   2025-04: 30 files, 30 days in month
2026-03-24 17:25:59,718 [INFO]     daily_hpc:    229,099 rows
2026-03-24 17:26:02,135 [INFO]     monthly_hpc:  3,955 rows
2026-03-24 17:26:23,129 [INFO]     monthly_farmer: 82,168 rows
2026-03-24 17:28:35,496 [INFO]     quality_incidents: 1,235,139 rows
2026-03-24 17:28:35,524 [INFO]   2025-05: 31 files, 31 days in month
2026-03-24 17:30:27,639 [INFO]     daily_hpc:    238,672 rows
2026-03-24 17:30:30,299 [INFO]     monthly_hpc:  4,001 rows
2026-03-24 17:30:51,942 [INFO]     monthly_farmer: 83,683 rows
2026-03-24 17:33:08,247 [INFO]     quality_incidents: 1,257,718 rows
2026-03-24 17:33:08,271 [INFO]   2025-06: 30 files, 30 days in month
2026-03-24 17:35:04,355 [INFO]     daily_hpc:    232,944 rows
2026-03-24 17:35:07,036 [INFO]     monthly_hpc:  4,030 rows
2026-03-24 17:35:30,541 [INFO]     monthly_farmer: 85,976 rows
2026-03-24 17:36:50,518 [INFO]     quality_incidents: 1,101,508 rows
2026-03-24 17:36:50,531 [INFO]   2025-07: 31 files, 31 days in month
2026-03-24 17:37:31,449 [INFO]     daily_hpc:    246,058 rows
2026-03-24 17:37:32,541 [INFO]     monthly_hpc:  4,119 rows
2026-03-24 17:37:40,851 [INFO]     monthly_farmer: 87,331 rows
2026-03-24 17:39:02,784 [INFO]     quality_incidents: 1,124,196 rows
2026-03-24 17:39:02,799 [INFO]   2025-08: 31 files, 31 days in month
2026-03-24 17:57:32,262 [INFO]     daily_hpc:    245,934 rows
2026-03-24 17:57:34,625 [INFO]     monthly_hpc:  4,157 rows
2026-03-24 17:57:53,757 [INFO]     monthly_farmer: 87,144 rows
2026-03-24 18:00:14,726 [INFO]     quality_incidents: 1,098,470 rows
2026-03-24 18:00:14,748 [INFO]   2025-09: 30 files, 30 days in month
2026-03-24 18:02:04,065 [INFO]     daily_hpc:    244,136 rows
2026-03-24 18:02:05,751 [INFO]     monthly_hpc:  4,244 rows
2026-03-24 18:02:30,282 [INFO]     monthly_farmer: 89,702 rows
2026-03-24 18:03:32,969 [INFO]     quality_incidents: 1,041,349 rows
2026-03-24 18:03:32,978 [INFO]   2025-10: 31 files, 31 days in month
2026-03-24 18:03:59,839 [INFO]     daily_hpc:    260,268 rows
2026-03-24 18:04:00,572 [INFO]     monthly_hpc:  4,362 rows
2026-03-24 18:04:06,080 [INFO]     monthly_farmer: 92,794 rows
2026-03-24 18:04:36,160 [INFO]     quality_incidents: 1,084,908 rows
2026-03-24 18:04:36,170 [INFO]   2025-11: 30 files, 30 days in month
2026-03-24 18:05:03,116 [INFO]     daily_hpc:    259,985 rows
2026-03-24 18:05:03,869 [INFO]     monthly_hpc:  4,485 rows
2026-03-24 18:05:09,639 [INFO]     monthly_farmer: 96,307 rows
2026-03-24 18:05:40,210 [INFO]     quality_incidents: 1,030,615 rows
2026-03-24 18:05:40,223 [INFO]   2025-12: 31 files, 31 days in month
2026-03-24 18:06:08,390 [INFO]     daily_hpc:    277,328 rows
2026-03-24 18:06:09,159 [INFO]     monthly_hpc:  4,604 rows
2026-03-24 18:06:14,812 [INFO]     monthly_farmer: 99,074 rows
2026-03-24 18:06:50,873 [INFO]     quality_incidents: 1,083,112 rows
2026-03-24 18:06:50,880 [INFO]   2026-01: 31 files, 31 days in month
2026-03-24 18:07:12,358 [INFO]     daily_hpc:    279,242 rows
2026-03-24 18:07:13,125 [INFO]     monthly_hpc:  4,600 rows
2026-03-24 18:07:18,902 [INFO]     monthly_farmer: 98,951 rows
2026-03-24 18:08:07,927 [INFO]     quality_incidents: 1,187,173 rows
2026-03-24 18:08:07,935 [INFO]   2026-02: 28 files, 28 days in month
2026-03-24 18:08:27,346 [INFO]     daily_hpc:    252,296 rows
2026-03-24 18:08:28,038 [INFO]     monthly_hpc:  4,659 rows
2026-03-24 18:08:33,571 [INFO]     monthly_farmer: 97,727 rows
2026-03-24 18:09:22,538 [INFO]     quality_incidents: 1,198,972 rows
2026-03-24 18:09:22,767 [INFO] All summaries built successfully.
2026-03-24 18:09:25,227 [INFO] Building snapshot for 2026-02-28
2026-03-24 18:09:25,228 [INFO]   MTD:   2026-02-01 -> 2026-02-28  (28d)
2026-03-24 18:09:25,228 [INFO]   LM:    2026-01-01 -> 2026-01-31  (31d)
2026-03-24 18:09:25,228 [INFO]   LMTD:  2026-01-01 -> 2026-01-28  (28d)
2026-03-24 18:09:25,228 [INFO]   LYMTD: 2025-02-01 -> 2025-02-28  (28d)
2026-03-24 18:09:25,228 [INFO]   LYSM:  2025-02-01 -> 2025-02-28
2026-03-24 18:09:41,790 [INFO] Snapshot built -- 4,836 HPCs
2026-03-24 18:09:41,792 [INFO] Building farmer health for 2026-02-28
2026-03-24 18:09:44,107 [INFO] Farmer health built — 4,735 HPCs for 2026-02-28
2026-03-24 18:09:44,108 [INFO] Building farmer RFM for 2026-02-28
2026-03-24 18:09:44,400 [INFO]   RFM thresholds: F=[27,28d] M=[4199.25,11461.49 Rs]
2026-03-24 18:09:45,263 [INFO]   Dormant candidate count: 9,687
2026-03-24 18:09:45,308 [INFO]   Current month active farmers: 97,727
2026-03-24 18:09:47,466 [INFO]   Current month active farmers : 97,727
2026-03-24 18:09:47,466 [INFO]   Dormant candidates (LM->now) : 9,687
2026-03-24 18:09:47,467 [INFO]   Churned candidates (2m->now) : 7,794
2026-03-24 18:09:52,886 [INFO]   RFM At Risk: 28,674
2026-03-24 18:09:52,887 [INFO]   RFM Champion: 52,293
2026-03-24 18:09:52,888 [INFO]   RFM Churned: 7,794
2026-03-24 18:09:52,888 [INFO]   RFM Dormant: 9,687
2026-03-24 18:09:52,889 [INFO]   RFM Loyal: 16,760
2026-03-25 10:40:13,865 [INFO] Default admin user created: admin / admin@123 — CHANGE THIS IMMEDIATELY
2026-03-25 10:40:13,877 [INFO] Backfill from 2024-12
2026-03-25 10:40:19,488 [INFO] Found 431 missing dates to fetch
2026-03-25 10:40:25,082 [INFO]   2024-12-25: 128,816 rows
2026-03-25 10:40:29,469 [INFO]   2024-12-26: 129,496 rows
2026-03-25 10:40:33,368 [INFO]   2024-12-27: 129,746 rows
2026-03-25 10:40:37,292 [INFO]   2024-12-28: 129,941 rows
2026-03-25 10:40:41,608 [INFO]   2024-12-29: 129,427 rows
2026-03-25 10:40:45,654 [INFO]   2024-12-30: 129,795 rows
2026-03-25 10:40:51,594 [INFO]   2024-12-31: 129,456 rows
2026-03-25 10:40:58,598 [INFO]   2025-01-01: 130,445 rows
2026-03-25 10:41:05,644 [INFO]   2025-01-02: 131,351 rows
2026-03-25 10:41:12,942 [INFO]   2025-01-03: 131,654 rows
2026-03-25 10:41:20,154 [INFO]   2025-01-04: 131,447 rows
2026-03-25 10:41:26,399 [INFO]   2025-01-05: 131,127 rows
2026-03-25 10:41:30,753 [INFO]   2025-01-06: 131,782 rows
2026-03-25 10:41:35,355 [INFO]   2025-01-07: 131,998 rows
2026-03-25 10:41:39,609 [INFO]   2025-01-08: 131,915 rows
2026-03-25 10:41:44,003 [INFO]   2025-01-09: 131,541 rows
2026-03-25 10:41:48,079 [INFO]   2025-01-10: 131,907 rows
2026-03-25 10:41:52,172 [INFO]   2025-01-11: 131,522 rows
2026-03-25 10:41:56,530 [INFO]   2025-01-12: 131,002 rows
2026-03-25 10:42:00,630 [INFO]   2025-01-13: 130,111 rows
2026-03-25 10:42:04,984 [INFO]   2025-01-14: 128,567 rows
2026-03-25 10:42:08,769 [INFO]   2025-01-15: 129,897 rows
2026-03-25 10:42:12,627 [INFO]   2025-01-16: 131,180 rows
2026-03-25 10:42:17,146 [INFO]   2025-01-17: 131,629 rows
2026-03-25 10:42:21,779 [INFO]   2025-01-18: 131,473 rows
2026-03-25 10:42:26,626 [INFO]   2025-01-19: 131,385 rows
2026-03-25 10:42:31,906 [INFO]   2025-01-20: 132,335 rows
2026-03-25 10:42:37,968 [INFO]   2025-01-21: 132,049 rows
2026-03-25 10:42:42,304 [INFO]   2025-01-22: 132,479 rows
2026-03-25 10:42:46,434 [INFO]   2025-01-23: 132,736 rows
2026-03-25 10:42:57,157 [INFO]   2025-01-24: 132,921 rows
2026-03-25 10:43:04,959 [INFO]   2025-01-25: 132,693 rows
2026-03-25 10:43:13,658 [INFO]   2025-01-26: 132,536 rows
2026-03-25 10:43:24,831 [INFO]   2025-01-27: 133,159 rows
2026-03-25 10:43:34,926 [INFO]   2025-01-28: 133,321 rows
2026-03-25 10:43:44,225 [INFO]   2025-01-29: 133,192 rows
2026-03-25 10:44:00,634 [INFO]   2025-01-30: 133,428 rows
2026-03-25 10:44:09,858 [INFO]   2025-01-31: 133,516 rows
2026-03-25 10:44:24,701 [INFO]   2025-02-01: 133,194 rows
2026-03-25 10:44:32,761 [INFO]   2025-02-02: 132,454 rows
2026-03-25 10:44:40,442 [INFO]   2025-02-03: 132,594 rows
2026-03-25 10:44:48,144 [INFO]   2025-02-04: 132,606 rows
2026-03-25 10:44:55,875 [INFO]   2025-02-05: 133,629 rows
2026-03-25 10:45:03,480 [INFO]   2025-02-06: 133,632 rows
2026-03-25 10:45:10,962 [INFO]   2025-02-07: 133,470 rows
2026-03-25 10:45:18,315 [INFO]   2025-02-08: 133,263 rows
2026-03-25 10:45:25,308 [INFO]   2025-02-09: 133,490 rows
2026-03-25 10:45:33,277 [INFO]   2025-02-10: 133,677 rows
2026-03-25 10:45:40,893 [INFO]   2025-02-11: 133,874 rows
2026-03-25 10:45:48,628 [INFO]   2025-02-12: 133,704 rows
2026-03-25 10:45:56,321 [INFO]   2025-02-13: 133,829 rows
2026-03-25 10:46:05,458 [INFO]   2025-02-14: 133,832 rows
2026-03-25 10:46:12,645 [INFO]   2025-02-15: 133,394 rows
2026-03-25 10:46:17,010 [INFO]   2025-02-16: 133,030 rows
2026-03-25 10:46:24,678 [INFO]   2025-02-17: 133,318 rows
2026-03-25 10:46:32,607 [INFO]   2025-02-18: 133,660 rows
2026-03-25 10:46:39,844 [INFO]   2025-02-19: 133,533 rows
2026-03-25 10:46:47,021 [INFO]   2025-02-20: 133,906 rows
2026-03-25 10:46:54,642 [INFO]   2025-02-21: 133,686 rows
2026-03-25 10:47:01,911 [INFO]   2025-02-22: 133,404 rows
2026-03-25 10:47:09,355 [INFO]   2025-02-23: 133,116 rows
2026-03-25 10:47:16,474 [INFO]   2025-02-24: 133,568 rows
2026-03-25 10:47:23,447 [INFO]   2025-02-25: 133,299 rows
2026-03-25 10:47:30,999 [INFO]   2025-02-26: 131,243 rows
2026-03-25 10:47:38,766 [INFO]   2025-02-27: 134,113 rows
2026-03-25 10:47:47,249 [INFO]   2025-02-28: 134,649 rows
2026-03-25 10:47:54,626 [INFO]   2025-03-01: 134,734 rows
2026-03-25 10:47:59,104 [INFO]   2025-03-02: 134,404 rows
2026-03-25 10:48:03,618 [INFO]   2025-03-03: 134,799 rows
2026-03-25 10:48:08,290 [INFO]   2025-03-04: 135,180 rows
2026-03-25 10:48:13,900 [INFO]   2025-03-05: 135,406 rows
2026-03-25 10:48:18,845 [INFO]   2025-03-06: 135,409 rows
2026-03-25 10:48:23,590 [INFO]   2025-03-07: 135,631 rows
2026-03-25 10:48:27,750 [INFO]   2025-03-08: 135,586 rows
2026-03-25 10:48:32,253 [INFO]   2025-03-09: 135,318 rows
2026-03-25 10:48:36,949 [INFO]   2025-03-10: 135,891 rows
2026-03-25 10:48:41,377 [INFO]   2025-03-11: 135,564 rows
2026-03-25 10:48:45,817 [INFO]   2025-03-12: 135,563 rows
2026-03-25 10:48:49,428 [INFO]   2025-03-13: 134,809 rows
2026-03-25 10:48:53,845 [INFO]   2025-03-14: 135,102 rows
2026-03-25 10:48:58,897 [INFO]   2025-03-15: 135,671 rows
2026-03-25 10:49:03,296 [INFO]   2025-03-16: 135,735 rows
2026-03-25 10:49:07,664 [INFO]   2025-03-17: 136,547 rows
2026-03-25 10:49:13,138 [INFO]   2025-03-18: 136,480 rows
2026-03-25 10:49:17,455 [INFO]   2025-03-19: 136,532 rows
2026-03-25 10:49:21,962 [INFO]   2025-03-20: 136,462 rows
2026-03-25 10:49:26,814 [INFO]   2025-03-21: 136,678 rows
2026-03-25 10:49:31,730 [INFO]   2025-03-22: 136,656 rows
2026-03-25 10:49:36,135 [INFO]   2025-03-23: 136,338 rows
2026-03-25 10:49:41,109 [INFO]   2025-03-24: 136,636 rows
2026-03-25 10:49:46,265 [INFO]   2025-03-25: 137,071 rows
2026-03-25 10:49:52,685 [INFO]   2025-03-26: 137,164 rows
2026-03-25 10:49:57,723 [INFO]   2025-03-27: 136,712 rows
2026-03-25 10:50:03,014 [INFO]   2025-03-28: 136,961 rows
2026-03-25 10:50:07,905 [INFO]   2025-03-29: 135,693 rows
2026-03-25 10:50:12,527 [INFO]   2025-03-30: 131,556 rows
2026-03-25 10:50:17,221 [INFO]   2025-03-31: 133,369 rows
2026-03-25 10:50:22,020 [INFO]   2025-04-01: 136,936 rows
2026-03-25 10:50:26,701 [INFO]   2025-04-02: 137,218 rows
2026-03-25 10:50:31,088 [INFO]   2025-04-03: 136,755 rows
2026-03-25 10:50:36,255 [INFO]   2025-04-04: 137,118 rows
2026-03-25 10:50:41,295 [INFO]   2025-04-05: 137,086 rows
2026-03-25 10:50:45,611 [INFO]   2025-04-06: 136,454 rows
2026-03-25 10:50:49,973 [INFO]   2025-04-07: 137,380 rows
2026-03-25 10:50:54,605 [INFO]   2025-04-08: 137,339 rows
2026-03-25 10:50:58,863 [INFO]   2025-04-09: 137,662 rows
2026-03-25 10:51:03,852 [INFO]   2025-04-10: 137,447 rows
2026-03-25 10:51:08,764 [INFO]   2025-04-11: 137,545 rows
2026-03-25 10:51:13,230 [INFO]   2025-04-12: 137,226 rows
2026-03-25 10:51:17,704 [INFO]   2025-04-13: 136,992 rows
2026-03-25 10:51:22,447 [INFO]   2025-04-14: 137,384 rows
2026-03-25 10:51:27,329 [INFO]   2025-04-15: 137,811 rows
2026-03-25 10:51:32,138 [INFO]   2025-04-16: 137,916 rows
2026-03-25 10:51:40,074 [INFO]   2025-04-17: 138,253 rows
2026-03-25 10:51:48,436 [INFO]   2025-04-18: 137,708 rows
2026-03-25 10:51:56,436 [INFO]   2025-04-19: 138,240 rows
2026-03-25 10:52:04,383 [INFO]   2025-04-20: 138,257 rows
2026-03-25 10:52:12,555 [INFO]   2025-04-21: 138,648 rows
2026-03-25 10:52:19,744 [INFO]   2025-04-22: 138,665 rows
2026-03-25 10:52:25,314 [INFO]   2025-04-23: 139,088 rows
2026-03-25 10:52:30,127 [INFO]   2025-04-24: 139,216 rows
2026-03-25 10:52:35,082 [INFO]   2025-04-25: 139,248 rows
2026-03-25 10:52:39,679 [INFO]   2025-04-26: 139,118 rows
2026-03-25 10:52:44,029 [INFO]   2025-04-27: 139,037 rows
2026-03-25 10:52:48,813 [INFO]   2025-04-28: 139,272 rows
2026-03-25 10:52:53,440 [INFO]   2025-04-29: 138,914 rows
2026-03-25 10:52:58,058 [INFO]   2025-04-30: 138,722 rows
2026-03-25 10:53:02,969 [INFO]   2025-05-01: 139,481 rows
2026-03-25 10:53:07,849 [INFO]   2025-05-02: 139,236 rows
2026-03-25 10:53:12,592 [INFO]   2025-05-03: 139,334 rows
2026-03-25 10:53:17,600 [INFO]   2025-05-04: 139,428 rows
2026-03-25 10:53:22,250 [INFO]   2025-05-05: 139,843 rows
2026-03-25 10:53:27,178 [INFO]   2025-05-06: 139,918 rows
2026-03-25 10:53:31,891 [INFO]   2025-05-07: 140,050 rows
2026-03-25 10:53:36,472 [INFO]   2025-05-08: 140,050 rows
2026-03-25 10:53:42,701 [INFO]   2025-05-09: 140,473 rows
2026-03-25 10:53:50,164 [INFO]   2025-05-10: 140,695 rows
2026-03-25 10:53:57,945 [INFO]   2025-05-11: 140,428 rows
2026-03-25 10:54:05,187 [INFO]   2025-05-12: 140,042 rows
2026-03-25 10:54:12,494 [INFO]   2025-05-13: 139,867 rows
2026-03-25 10:54:20,812 [INFO]   2025-05-14: 140,239 rows
2026-03-25 10:54:28,335 [INFO]   2025-05-15: 140,389 rows
2026-03-25 10:54:35,724 [INFO]   2025-05-16: 141,000 rows
2026-03-25 10:54:43,766 [INFO]   2025-05-17: 140,446 rows
2026-03-25 10:54:51,490 [INFO]   2025-05-18: 140,615 rows
2026-03-25 10:54:59,733 [INFO]   2025-05-19: 140,964 rows
2026-03-25 10:55:07,463 [INFO]   2025-05-20: 140,525 rows
2026-03-25 10:55:15,485 [INFO]   2025-05-21: 140,339 rows
2026-03-25 10:55:23,406 [INFO]   2025-05-22: 141,373 rows
2026-03-25 10:55:31,531 [INFO]   2025-05-23: 141,018 rows
2026-03-25 10:55:39,678 [INFO]   2025-05-24: 141,484 rows
2026-03-25 10:55:48,201 [INFO]   2025-05-25: 141,052 rows
2026-03-25 10:55:55,997 [INFO]   2025-05-26: 141,744 rows
2026-03-25 10:56:04,217 [INFO]   2025-05-27: 142,002 rows
2026-03-25 10:56:11,858 [INFO]   2025-05-28: 142,704 rows
2026-03-25 10:56:19,574 [INFO]   2025-05-29: 143,184 rows
2026-03-25 10:56:27,646 [INFO]   2025-05-30: 143,422 rows
2026-03-25 10:56:35,238 [INFO]   2025-05-31: 143,727 rows
2026-03-25 10:56:43,316 [INFO]   2025-06-01: 144,007 rows
2026-03-25 10:56:51,488 [INFO]   2025-06-02: 144,210 rows
2026-03-25 10:56:59,105 [INFO]   2025-06-03: 144,518 rows
2026-03-25 10:57:05,447 [INFO]   2025-06-04: 144,335 rows
2026-03-25 10:57:09,992 [INFO]   2025-06-05: 144,096 rows
2026-03-25 10:57:17,693 [INFO]   2025-06-06: 144,041 rows
2026-03-25 10:57:25,237 [INFO]   2025-06-07: 142,783 rows
2026-03-25 10:57:33,258 [INFO]   2025-06-08: 143,964 rows
2026-03-25 10:57:38,501 [INFO]   2025-06-09: 144,305 rows
2026-03-25 10:57:43,006 [INFO]   2025-06-10: 144,427 rows
2026-03-25 10:57:47,815 [INFO]   2025-06-11: 144,835 rows
2026-03-25 10:57:53,662 [INFO]   2025-06-12: 144,930 rows
2026-03-25 10:57:58,278 [INFO]   2025-06-13: 145,199 rows
2026-03-25 10:58:03,545 [INFO]   2025-06-14: 145,080 rows
2026-03-25 10:58:11,138 [INFO]   2025-06-15: 144,961 rows
2026-03-25 10:58:19,200 [INFO]   2025-06-16: 145,916 rows
2026-03-25 10:58:27,047 [INFO]   2025-06-17: 146,173 rows
2026-03-25 10:58:31,414 [INFO]   2025-06-18: 146,472 rows
2026-03-25 10:58:35,995 [INFO]   2025-06-19: 146,690 rows
2026-03-25 10:58:40,567 [INFO]   2025-06-20: 146,923 rows
2026-03-25 10:58:45,634 [INFO]   2025-06-21: 146,605 rows
2026-03-25 10:58:50,734 [INFO]   2025-06-22: 145,974 rows
2026-03-25 10:58:56,253 [INFO]   2025-06-23: 146,264 rows
2026-03-25 10:59:01,098 [INFO]   2025-06-24: 146,707 rows
2026-03-25 10:59:05,680 [INFO]   2025-06-25: 146,860 rows
2026-03-25 10:59:10,314 [INFO]   2025-06-26: 147,058 rows
2026-03-25 10:59:15,615 [INFO]   2025-06-27: 146,741 rows
2026-03-25 10:59:23,800 [INFO]   2025-06-28: 146,716 rows
2026-03-25 10:59:32,308 [INFO]   2025-06-29: 146,619 rows
2026-03-25 10:59:40,123 [INFO]   2025-06-30: 146,985 rows
2026-03-25 10:59:48,333 [INFO]   2025-07-01: 146,903 rows
2026-03-25 10:59:56,426 [INFO]   2025-07-02: 146,947 rows
2026-03-25 11:00:04,391 [INFO]   2025-07-03: 146,940 rows
2026-03-25 11:00:12,809 [INFO]   2025-07-04: 146,811 rows
2026-03-25 11:00:20,695 [INFO]   2025-07-05: 145,819 rows
2026-03-25 11:00:28,526 [INFO]   2025-07-06: 144,664 rows
2026-03-25 11:00:36,718 [INFO]   2025-07-07: 146,171 rows
2026-03-25 11:00:41,469 [INFO]   2025-07-08: 146,738 rows
2026-03-25 11:00:46,181 [INFO]   2025-07-09: 146,768 rows
2026-03-25 11:00:50,649 [INFO]   2025-07-10: 146,596 rows
2026-03-25 11:00:55,439 [INFO]   2025-07-11: 146,374 rows
2026-03-25 11:01:02,957 [INFO]   2025-07-12: 146,050 rows
2026-03-25 11:01:10,906 [INFO]   2025-07-13: 145,389 rows
2026-03-25 11:01:19,651 [INFO]   2025-07-14: 145,549 rows
2026-03-25 11:01:27,798 [INFO]   2025-07-15: 145,188 rows
2026-03-25 11:01:36,246 [INFO]   2025-07-16: 145,263 rows
2026-03-25 11:01:44,674 [INFO]   2025-07-17: 144,885 rows
2026-03-25 11:01:52,579 [INFO]   2025-07-18: 144,767 rows
2026-03-25 11:02:00,353 [INFO]   2025-07-19: 144,752 rows
2026-03-25 11:02:07,928 [INFO]   2025-07-20: 144,293 rows
2026-03-25 11:02:15,424 [INFO]   2025-07-21: 143,748 rows
2026-03-25 11:02:23,473 [INFO]   2025-07-22: 144,418 rows
2026-03-25 11:02:31,023 [INFO]   2025-07-23: 144,239 rows
2026-03-25 11:02:37,143 [INFO]   2025-07-24: 144,400 rows
2026-03-25 11:02:42,123 [INFO]   2025-07-25: 144,285 rows
2026-03-25 11:02:46,687 [INFO]   2025-07-26: 143,919 rows
2026-03-25 11:02:53,302 [INFO]   2025-07-27: 143,801 rows
2026-03-25 11:03:01,159 [INFO]   2025-07-28: 143,352 rows
2026-03-25 11:03:08,984 [INFO]   2025-07-29: 143,492 rows
2026-03-25 11:03:16,789 [INFO]   2025-07-30: 144,492 rows
2026-03-25 11:03:24,319 [INFO]   2025-07-31: 144,429 rows
2026-03-25 11:03:29,509 [INFO]   2025-08-01: 144,041 rows
2026-03-25 11:03:34,443 [INFO]   2025-08-02: 144,080 rows
2026-03-25 11:03:39,169 [INFO]   2025-08-03: 142,829 rows
2026-03-25 11:03:44,233 [INFO]   2025-08-04: 142,825 rows
2026-03-25 11:03:48,936 [INFO]   2025-08-05: 143,254 rows
2026-03-25 11:03:54,299 [INFO]   2025-08-06: 142,795 rows
2026-03-25 11:04:00,301 [INFO]   2025-08-07: 141,769 rows
2026-03-25 11:04:07,659 [INFO]   2025-08-08: 139,398 rows
2026-03-25 11:04:14,888 [INFO]   2025-08-09: 140,009 rows
2026-03-25 11:04:22,331 [INFO]   2025-08-10: 141,402 rows
2026-03-25 11:04:29,258 [INFO]   2025-08-11: 142,182 rows
2026-03-25 11:04:36,658 [INFO]   2025-08-12: 142,198 rows
2026-03-25 11:04:43,904 [INFO]   2025-08-13: 141,700 rows
2026-03-25 11:04:50,651 [INFO]   2025-08-14: 140,553 rows
2026-03-25 11:04:58,432 [INFO]   2025-08-15: 139,459 rows
2026-03-25 11:05:02,882 [INFO]   2025-08-16: 140,064 rows
2026-03-25 11:05:07,191 [INFO]   2025-08-17: 140,774 rows
2026-03-25 11:05:12,118 [INFO]   2025-08-18: 141,040 rows
2026-03-25 11:05:16,652 [INFO]   2025-08-19: 142,365 rows
2026-03-25 11:05:21,513 [INFO]   2025-08-20: 142,819 rows
2026-03-25 11:05:26,139 [INFO]   2025-08-21: 142,504 rows
2026-03-25 11:05:30,470 [INFO]   2025-08-22: 142,050 rows
2026-03-25 11:05:35,278 [INFO]   2025-08-23: 143,012 rows
2026-03-25 11:05:39,989 [INFO]   2025-08-24: 143,330 rows
2026-03-25 11:05:44,715 [INFO]   2025-08-25: 143,219 rows
2026-03-25 11:05:49,776 [INFO]   2025-08-26: 142,263 rows
2026-03-25 11:05:54,010 [INFO]   2025-08-27: 140,307 rows
2026-03-25 11:05:59,124 [INFO]   2025-08-28: 142,257 rows
2026-03-25 11:06:03,503 [INFO]   2025-08-29: 142,880 rows
2026-03-25 11:06:08,374 [INFO]   2025-08-30: 143,313 rows
2026-03-25 11:06:13,163 [INFO]   2025-08-31: 143,115 rows
2026-03-25 11:06:18,097 [INFO]   2025-09-01: 142,775 rows
2026-03-25 11:06:26,030 [INFO]   2025-09-02: 143,813 rows
2026-03-25 11:06:33,930 [INFO]   2025-09-03: 144,474 rows
2026-03-25 11:06:38,491 [INFO]   2025-09-04: 144,848 rows
2026-03-25 11:06:43,051 [INFO]   2025-09-05: 145,529 rows
2026-03-25 11:06:50,836 [INFO]   2025-09-06: 145,695 rows
2026-03-25 11:06:58,646 [INFO]   2025-09-07: 145,649 rows
2026-03-25 11:07:06,575 [INFO]   2025-09-08: 145,886 rows
2026-03-25 11:07:14,360 [INFO]   2025-09-09: 146,470 rows
2026-03-25 11:07:22,357 [INFO]   2025-09-10: 146,565 rows
2026-03-25 11:07:30,829 [INFO]   2025-09-11: 146,256 rows
2026-03-25 11:07:39,000 [INFO]   2025-09-12: 146,349 rows
2026-03-25 11:07:47,254 [INFO]   2025-09-13: 146,104 rows
2026-03-25 11:07:54,857 [INFO]   2025-09-14: 146,049 rows
2026-03-25 11:08:03,047 [INFO]   2025-09-15: 146,819 rows
2026-03-25 11:08:11,175 [INFO]   2025-09-16: 147,457 rows
2026-03-25 11:08:20,317 [INFO]   2025-09-17: 147,697 rows
2026-03-25 11:08:28,261 [INFO]   2025-09-18: 147,946 rows
2026-03-25 11:08:36,549 [INFO]   2025-09-19: 148,239 rows
2026-03-25 11:08:44,554 [INFO]   2025-09-20: 148,148 rows
2026-03-25 11:08:48,900 [INFO]   2025-09-21: 146,623 rows
2026-03-25 11:08:53,652 [INFO]   2025-09-22: 147,233 rows
2026-03-25 11:08:58,212 [INFO]   2025-09-23: 148,217 rows
2026-03-25 11:09:03,305 [INFO]   2025-09-24: 148,512 rows
2026-03-25 11:09:08,855 [INFO]   2025-09-25: 149,468 rows
2026-03-25 11:09:13,778 [INFO]   2025-09-26: 149,030 rows
2026-03-25 11:09:18,209 [INFO]   2025-09-27: 147,924 rows
2026-03-25 11:09:23,307 [INFO]   2025-09-28: 149,068 rows
2026-03-25 11:09:27,970 [INFO]   2025-09-29: 149,276 rows
2026-03-25 11:09:33,115 [INFO]   2025-09-30: 150,050 rows
2026-03-25 11:09:38,227 [INFO]   2025-10-01: 149,771 rows
2026-03-25 11:09:42,687 [INFO]   2025-10-02: 147,742 rows
2026-03-25 11:09:47,289 [INFO]   2025-10-03: 150,012 rows
2026-03-25 11:09:52,299 [INFO]   2025-10-04: 149,763 rows
2026-03-25 11:09:56,857 [INFO]   2025-10-05: 150,567 rows
2026-03-25 11:10:01,818 [INFO]   2025-10-06: 149,310 rows
2026-03-25 11:10:06,437 [INFO]   2025-10-07: 151,927 rows
2026-03-25 11:10:11,660 [INFO]   2025-10-08: 152,430 rows
2026-03-25 11:10:16,892 [INFO]   2025-10-09: 152,523 rows
2026-03-25 11:10:21,357 [INFO]   2025-10-10: 153,163 rows
2026-03-25 11:10:25,592 [INFO]   2025-10-11: 153,340 rows
2026-03-25 11:10:30,510 [INFO]   2025-10-12: 153,569 rows
2026-03-25 11:10:34,901 [INFO]   2025-10-13: 153,758 rows
2026-03-25 11:10:38,883 [INFO]   2025-10-14: 154,316 rows
2026-03-25 11:10:43,044 [INFO]   2025-10-15: 154,363 rows
2026-03-25 11:10:46,830 [INFO]   2025-10-16: 154,944 rows
2026-03-25 11:10:51,047 [INFO]   2025-10-17: 155,232 rows
2026-03-25 11:10:55,988 [INFO]   2025-10-18: 154,780 rows
2026-03-25 11:11:04,179 [INFO]   2025-10-19: 154,180 rows
2026-03-25 11:11:12,599 [INFO]   2025-10-20: 152,835 rows
2026-03-25 11:11:21,496 [INFO]   2025-10-21: 153,763 rows
2026-03-25 11:11:29,681 [INFO]   2025-10-22: 153,262 rows
2026-03-25 11:11:38,298 [INFO]   2025-10-23: 154,635 rows
2026-03-25 11:11:46,042 [INFO]   2025-10-24: 155,289 rows
2026-03-25 11:11:54,560 [INFO]   2025-10-25: 152,948 rows
2026-03-25 11:12:03,305 [INFO]   2025-10-26: 156,340 rows
2026-03-25 11:12:11,648 [INFO]   2025-10-27: 156,183 rows
2026-03-25 11:12:20,281 [INFO]   2025-10-28: 155,041 rows
2026-03-25 11:12:28,842 [INFO]   2025-10-29: 155,294 rows
2026-03-25 11:12:37,070 [INFO]   2025-10-30: 156,762 rows
2026-03-25 11:12:43,337 [INFO]   2025-10-31: 157,536 rows
2026-03-25 11:12:48,016 [INFO]   2025-11-01: 157,475 rows
2026-03-25 11:12:54,866 [INFO]   2025-11-02: 157,401 rows
2026-03-25 11:13:01,473 [INFO]   2025-11-03: 157,830 rows
2026-03-25 11:13:06,807 [INFO]   2025-11-04: 158,316 rows
2026-03-25 11:13:11,530 [INFO]   2025-11-05: 157,374 rows
2026-03-25 11:13:18,946 [INFO]   2025-11-06: 159,679 rows
2026-03-25 11:13:28,134 [INFO]   2025-11-07: 159,991 rows
2026-03-25 11:13:36,219 [INFO]   2025-11-08: 160,095 rows
2026-03-25 11:13:44,831 [INFO]   2025-11-09: 160,078 rows
2026-03-25 11:13:53,921 [INFO]   2025-11-10: 160,874 rows
2026-03-25 11:14:02,692 [INFO]   2025-11-11: 161,352 rows
2026-03-25 11:14:11,280 [INFO]   2025-11-12: 161,532 rows
2026-03-25 11:14:20,460 [INFO]   2025-11-13: 161,301 rows
2026-03-25 11:14:28,936 [INFO]   2025-11-14: 161,148 rows
2026-03-25 11:14:38,044 [INFO]   2025-11-15: 161,225 rows
2026-03-25 11:14:46,650 [INFO]   2025-11-16: 161,396 rows
2026-03-25 11:14:55,614 [INFO]   2025-11-17: 161,984 rows
2026-03-25 11:15:04,340 [INFO]   2025-11-18: 162,899 rows
2026-03-25 11:15:09,617 [INFO]   2025-11-19: 163,362 rows
2026-03-25 11:15:19,568 [INFO]   2025-11-20: 163,936 rows
2026-03-25 11:15:28,373 [INFO]   2025-11-21: 163,467 rows
2026-03-25 11:15:37,905 [INFO]   2025-11-22: 163,036 rows
2026-03-25 11:15:44,137 [INFO]   2025-11-23: 162,668 rows
2026-03-25 11:15:53,175 [INFO]   2025-11-24: 163,325 rows
2026-03-25 11:16:01,588 [INFO]   2025-11-25: 163,276 rows
2026-03-25 11:16:09,824 [INFO]   2025-11-26: 163,225 rows
2026-03-25 11:16:18,859 [INFO]   2025-11-27: 163,739 rows
2026-03-25 11:16:28,222 [INFO]   2025-11-28: 164,519 rows
2026-03-25 11:16:35,297 [INFO]   2025-11-29: 164,045 rows
2026-03-25 11:16:40,549 [INFO]   2025-11-30: 163,909 rows
2026-03-25 11:16:45,437 [INFO]   2025-12-01: 164,250 rows
2026-03-25 11:16:51,871 [INFO]   2025-12-02: 164,882 rows
2026-03-25 11:17:00,788 [INFO]   2025-12-03: 164,562 rows
2026-03-25 11:17:09,842 [INFO]   2025-12-04: 164,736 rows
2026-03-25 11:17:15,889 [INFO]   2025-12-05: 165,446 rows
2026-03-25 11:17:21,169 [INFO]   2025-12-06: 165,044 rows
2026-03-25 11:17:26,138 [INFO]   2025-12-07: 165,038 rows
2026-03-25 11:17:31,092 [INFO]   2025-12-08: 165,510 rows
2026-03-25 11:17:36,151 [INFO]   2025-12-09: 165,743 rows
2026-03-25 11:17:41,604 [INFO]   2025-12-10: 166,115 rows
2026-03-25 11:17:45,690 [INFO]   2025-12-11: 165,164 rows
2026-03-25 11:17:50,052 [INFO]   2025-12-12: 165,700 rows
2026-03-25 11:17:55,383 [INFO]   2025-12-13: 165,067 rows
2026-03-25 11:18:01,081 [INFO]   2025-12-14: 164,529 rows
2026-03-25 11:18:07,296 [INFO]   2025-12-15: 165,557 rows
2026-03-25 11:18:15,859 [INFO]   2025-12-16: 165,559 rows
2026-03-25 11:18:25,379 [INFO]   2025-12-17: 165,620 rows
2026-03-25 11:18:34,463 [INFO]   2025-12-18: 165,429 rows
2026-03-25 11:18:43,532 [INFO]   2025-12-19: 165,946 rows
2026-03-25 11:18:52,907 [INFO]   2025-12-20: 166,723 rows
2026-03-25 11:19:02,352 [INFO]   2025-12-21: 166,098 rows
2026-03-25 11:19:12,465 [INFO]   2025-12-22: 166,856 rows
2026-03-25 11:19:21,884 [INFO]   2025-12-23: 166,970 rows
2026-03-25 11:19:31,757 [INFO]   2025-12-24: 166,620 rows
2026-03-25 11:19:40,642 [INFO]   2025-12-25: 166,497 rows
2026-03-25 11:19:49,884 [INFO]   2025-12-26: 166,692 rows
2026-03-25 11:19:58,899 [INFO]   2025-12-27: 166,277 rows
2026-03-25 11:20:08,391 [INFO]   2025-12-28: 166,137 rows
2026-03-25 11:20:17,459 [INFO]   2025-12-29: 165,918 rows
2026-03-25 11:20:27,018 [INFO]   2025-12-30: 165,572 rows
2026-03-25 11:20:36,341 [INFO]   2025-12-31: 165,807 rows
2026-03-25 11:20:45,511 [INFO]   2026-01-01: 164,861 rows
2026-03-25 11:20:54,422 [INFO]   2026-01-02: 165,415 rows
2026-03-25 11:21:02,762 [INFO]   2026-01-03: 165,583 rows
2026-03-25 11:21:12,865 [INFO]   2026-01-04: 165,256 rows
2026-03-25 11:21:22,083 [INFO]   2026-01-05: 165,186 rows
2026-03-25 11:21:31,631 [INFO]   2026-01-06: 165,436 rows
2026-03-25 11:21:40,679 [INFO]   2026-01-07: 165,522 rows
2026-03-25 11:21:50,144 [INFO]   2026-01-08: 165,442 rows
2026-03-25 11:21:58,858 [INFO]   2026-01-09: 165,353 rows
2026-03-25 11:22:08,111 [INFO]   2026-01-10: 165,258 rows
2026-03-25 11:22:16,987 [INFO]   2026-01-11: 163,812 rows
2026-03-25 11:22:25,820 [INFO]   2026-01-12: 163,725 rows
2026-03-25 11:22:35,399 [INFO]   2026-01-13: 163,200 rows
2026-03-25 11:22:44,344 [INFO]   2026-01-14: 161,243 rows
2026-03-25 11:22:53,663 [INFO]   2026-01-15: 160,086 rows
2026-03-25 11:23:03,238 [INFO]   2026-01-16: 161,966 rows
2026-03-25 11:23:12,355 [INFO]   2026-01-17: 163,301 rows
2026-03-25 11:23:21,392 [INFO]   2026-01-18: 162,931 rows
2026-03-25 11:23:30,178 [INFO]   2026-01-19: 163,844 rows
2026-03-25 11:23:39,342 [INFO]   2026-01-20: 164,805 rows
2026-03-25 11:23:48,784 [INFO]   2026-01-21: 163,906 rows
2026-03-25 11:23:58,379 [INFO]   2026-01-22: 164,058 rows
2026-03-25 11:24:07,131 [INFO]   2026-01-23: 163,999 rows
2026-03-25 11:24:15,948 [INFO]   2026-01-24: 163,093 rows
2026-03-25 11:24:24,751 [INFO]   2026-01-25: 162,174 rows
2026-03-25 11:24:33,761 [INFO]   2026-01-26: 163,483 rows
2026-03-25 11:24:42,362 [INFO]   2026-01-27: 163,811 rows
2026-03-25 11:24:51,441 [INFO]   2026-01-28: 163,772 rows
2026-03-25 11:24:58,920 [INFO]   2026-01-29: 163,332 rows
2026-03-25 11:25:04,621 [INFO]   2026-01-30: 163,939 rows
2026-03-25 11:25:10,372 [INFO]   2026-01-31: 163,732 rows
2026-03-25 11:25:15,473 [INFO]   2026-02-01: 161,331 rows
2026-03-25 11:25:24,022 [INFO]   2026-02-02: 162,462 rows
2026-03-25 11:25:32,903 [INFO]   2026-02-03: 162,317 rows
2026-03-25 11:25:43,032 [INFO]   2026-02-04: 162,437 rows
2026-03-25 11:25:51,880 [INFO]   2026-02-05: 161,992 rows
2026-03-25 11:26:01,832 [INFO]   2026-02-06: 162,526 rows
2026-03-25 11:26:10,735 [INFO]   2026-02-07: 161,684 rows
2026-03-25 11:26:19,593 [INFO]   2026-02-08: 161,555 rows
2026-03-25 11:26:29,020 [INFO]   2026-02-09: 162,354 rows
2026-03-25 11:26:37,921 [INFO]   2026-02-10: 163,063 rows
2026-03-25 11:26:47,016 [INFO]   2026-02-11: 162,207 rows
2026-03-25 11:26:55,818 [INFO]   2026-02-12: 161,924 rows
2026-03-25 11:27:05,008 [INFO]   2026-02-13: 161,984 rows
2026-03-25 11:27:13,427 [INFO]   2026-02-14: 160,909 rows
2026-03-25 11:27:21,731 [INFO]   2026-02-15: 158,148 rows
2026-03-25 11:27:30,240 [INFO]   2026-02-16: 161,426 rows
2026-03-25 11:27:39,153 [INFO]   2026-02-17: 162,659 rows
2026-03-25 11:27:47,398 [INFO]   2026-02-18: 162,733 rows
2026-03-25 11:27:56,185 [INFO]   2026-02-19: 162,428 rows
2026-03-25 11:28:05,170 [INFO]   2026-02-20: 162,739 rows
2026-03-25 11:28:13,714 [INFO]   2026-02-21: 161,902 rows
2026-03-25 11:28:22,817 [INFO]   2026-02-22: 161,341 rows
2026-03-25 11:28:32,107 [INFO]   2026-02-23: 161,842 rows
2026-03-25 11:28:41,618 [INFO]   2026-02-24: 161,788 rows
2026-03-25 11:28:50,942 [INFO]   2026-02-25: 161,735 rows
2026-03-25 11:29:00,780 [INFO]   2026-02-26: 161,920 rows
2026-03-25 11:29:09,770 [INFO]   2026-02-27: 161,861 rows
2026-03-25 11:29:19,088 [INFO]   2026-02-28: 162,382 rows
2026-03-25 11:29:19,152 [INFO] Building summaries: (2024, 12) -> (2026, 2) (15 months)
2026-03-25 11:29:19,255 [INFO]   2024-12: 7 files, 31 days in month
2026-03-25 11:29:23,643 [INFO]     daily_hpc:    47,829 rows
2026-03-25 11:29:24,581 [INFO]     monthly_hpc:  3,462 rows
2026-03-25 11:29:27,489 [INFO]     monthly_farmer: 70,715 rows
2026-03-25 11:29:36,498 [INFO]     quality_incidents: 188,200 rows
2026-03-25 11:29:36,514 [INFO]   2025-01: 31 files, 31 days in month
2026-03-25 11:30:03,338 [INFO]     daily_hpc:    216,300 rows
2026-03-25 11:30:05,847 [INFO]     monthly_hpc:  3,637 rows
2026-03-25 11:30:11,088 [INFO]     monthly_farmer: 79,141 rows
2026-03-25 11:31:00,467 [INFO]     quality_incidents: 859,188 rows
2026-03-25 11:31:00,492 [INFO]   2025-02: 28 files, 28 days in month
2026-03-25 11:31:31,587 [INFO]     daily_hpc:    202,049 rows
2026-03-25 11:31:32,949 [INFO]     monthly_hpc:  3,786 rows
2026-03-25 11:31:36,121 [INFO]     monthly_farmer: 79,651 rows
2026-03-25 11:32:05,142 [INFO]     quality_incidents: 892,983 rows
2026-03-25 11:32:05,175 [INFO]   2025-03: 31 files, 31 days in month
2026-03-25 11:32:23,839 [INFO]     daily_hpc:    233,293 rows
2026-03-25 11:32:25,352 [INFO]     monthly_hpc:  3,917 rows
2026-03-25 11:32:28,633 [INFO]     monthly_farmer: 81,352 rows
2026-03-25 11:33:01,238 [INFO]     quality_incidents: 1,143,595 rows
2026-03-25 11:33:01,256 [INFO]   2025-04: 30 files, 30 days in month
2026-03-25 11:33:22,557 [INFO]     daily_hpc:    229,099 rows
2026-03-25 11:33:24,147 [INFO]     monthly_hpc:  3,955 rows
2026-03-25 11:33:27,539 [INFO]     monthly_farmer: 82,180 rows
2026-03-25 11:34:04,560 [INFO]     quality_incidents: 1,235,321 rows
2026-03-25 11:34:04,570 [INFO]   2025-05: 31 files, 31 days in month
2026-03-25 11:34:27,981 [INFO]     daily_hpc:    238,672 rows
2026-03-25 11:34:29,735 [INFO]     monthly_hpc:  4,001 rows
2026-03-25 11:34:33,202 [INFO]     monthly_farmer: 83,695 rows
2026-03-25 11:35:20,283 [INFO]     quality_incidents: 1,257,913 rows
2026-03-25 11:35:20,299 [INFO]   2025-06: 30 files, 30 days in month
2026-03-25 11:35:43,962 [INFO]     daily_hpc:    232,944 rows
2026-03-25 11:35:45,453 [INFO]     monthly_hpc:  4,030 rows
2026-03-25 11:35:48,975 [INFO]     monthly_farmer: 85,988 rows
2026-03-25 11:37:02,419 [INFO]     quality_incidents: 1,101,751 rows
2026-03-25 11:37:02,432 [INFO]   2025-07: 31 files, 31 days in month
2026-03-25 11:37:48,841 [INFO]     daily_hpc:    246,058 rows
2026-03-25 11:37:51,554 [INFO]     monthly_hpc:  4,119 rows
2026-03-25 11:37:57,800 [INFO]     monthly_farmer: 87,342 rows
2026-03-25 11:39:34,490 [INFO]     quality_incidents: 1,124,424 rows
2026-03-25 11:39:34,517 [INFO]   2025-08: 31 files, 31 days in month
2026-03-25 11:40:19,674 [INFO]     daily_hpc:    245,934 rows
2026-03-25 11:40:22,310 [INFO]     monthly_hpc:  4,157 rows
2026-03-25 11:40:28,344 [INFO]     monthly_farmer: 87,155 rows
2026-03-25 11:42:01,316 [INFO]     quality_incidents: 1,098,635 rows
2026-03-25 11:42:01,339 [INFO]   2025-09: 30 files, 30 days in month
2026-03-25 11:42:49,294 [INFO]     daily_hpc:    244,136 rows
2026-03-25 11:42:51,939 [INFO]     monthly_hpc:  4,244 rows
2026-03-25 11:42:57,902 [INFO]     monthly_farmer: 89,713 rows
2026-03-25 11:44:31,335 [INFO]     quality_incidents: 1,041,527 rows
2026-03-25 11:44:31,354 [INFO]   2025-10: 31 files, 31 days in month
2026-03-25 11:45:20,382 [INFO]     daily_hpc:    260,268 rows
2026-03-25 11:45:23,377 [INFO]     monthly_hpc:  4,362 rows
2026-03-25 11:45:29,776 [INFO]     monthly_farmer: 92,805 rows
2026-03-25 11:47:03,466 [INFO]     quality_incidents: 1,085,098 rows
2026-03-25 11:47:03,478 [INFO]   2025-11: 30 files, 30 days in month
2026-03-25 11:47:41,650 [INFO]     daily_hpc:    259,985 rows
2026-03-25 11:47:44,540 [INFO]     monthly_hpc:  4,485 rows
2026-03-25 11:47:50,327 [INFO]     monthly_farmer: 96,319 rows
2026-03-25 11:48:36,142 [INFO]     quality_incidents: 1,030,814 rows
2026-03-25 11:48:36,151 [INFO]   2025-12: 31 files, 31 days in month
2026-03-25 11:48:58,847 [INFO]     daily_hpc:    277,328 rows
2026-03-25 11:49:00,775 [INFO]     monthly_hpc:  4,604 rows
2026-03-25 11:49:04,773 [INFO]     monthly_farmer: 99,087 rows
2026-03-25 11:49:54,117 [INFO]     quality_incidents: 1,083,295 rows
2026-03-25 11:49:54,127 [INFO]   2026-01: 31 files, 31 days in month
2026-03-25 11:50:32,531 [INFO]     daily_hpc:    279,242 rows
2026-03-25 11:50:34,723 [INFO]     monthly_hpc:  4,600 rows
2026-03-25 11:50:39,341 [INFO]     monthly_farmer: 98,962 rows
2026-03-25 11:52:03,660 [INFO]     quality_incidents: 1,187,304 rows
2026-03-25 11:52:03,667 [INFO]   2026-02: 28 files, 28 days in month
2026-03-25 11:52:29,911 [INFO]     daily_hpc:    252,296 rows
2026-03-25 11:52:30,731 [INFO]     monthly_hpc:  4,659 rows
2026-03-25 11:52:34,236 [INFO]     monthly_farmer: 97,739 rows
2026-03-25 11:53:27,758 [INFO]     quality_incidents: 1,199,087 rows
2026-03-25 11:53:27,837 [INFO] All summaries built successfully.
2026-03-25 11:53:45,158 [INFO]   proc_quality_incidents: deleted 2,814,219 rows (before 2025-03-25)
2026-03-25 11:53:47,752 [INFO]   Deleted old parquet: proc_2024-12-25.parquet
2026-03-25 11:53:47,753 [INFO]   Deleted old parquet: proc_2024-12-26.parquet
2026-03-25 11:53:47,755 [INFO]   Deleted old parquet: proc_2024-12-27.parquet
2026-03-25 11:53:47,756 [INFO]   Deleted old parquet: proc_2024-12-28.parquet
2026-03-25 11:53:47,757 [INFO]   Deleted old parquet: proc_2024-12-29.parquet
2026-03-25 11:53:47,758 [INFO]   Deleted old parquet: proc_2024-12-30.parquet
2026-03-25 11:53:47,759 [INFO]   Deleted old parquet: proc_2024-12-31.parquet
2026-03-25 11:53:47,761 [INFO]   Deleted old parquet: proc_2025-01-01.parquet
2026-03-25 11:53:47,763 [INFO]   Deleted old parquet: proc_2025-01-02.parquet
2026-03-25 11:53:47,764 [INFO]   Deleted old parquet: proc_2025-01-03.parquet
2026-03-25 11:53:47,765 [INFO]   Deleted old parquet: proc_2025-01-04.parquet
2026-03-25 11:53:47,766 [INFO]   Deleted old parquet: proc_2025-01-05.parquet
2026-03-25 11:53:47,767 [INFO]   Deleted old parquet: proc_2025-01-06.parquet
2026-03-25 11:53:47,768 [INFO]   Deleted old parquet: proc_2025-01-07.parquet
2026-03-25 11:53:47,769 [INFO]   Deleted old parquet: proc_2025-01-08.parquet
2026-03-25 11:53:47,770 [INFO]   Deleted old parquet: proc_2025-01-09.parquet
2026-03-25 11:53:47,772 [INFO]   Deleted old parquet: proc_2025-01-10.parquet
2026-03-25 11:53:47,773 [INFO]   Deleted old parquet: proc_2025-01-11.parquet
2026-03-25 11:53:47,774 [INFO]   Deleted old parquet: proc_2025-01-12.parquet
2026-03-25 11:53:47,775 [INFO]   Deleted old parquet: proc_2025-01-13.parquet
2026-03-25 11:53:47,777 [INFO]   Deleted old parquet: proc_2025-01-14.parquet
2026-03-25 11:53:47,778 [INFO]   Deleted old parquet: proc_2025-01-15.parquet
2026-03-25 11:53:47,778 [INFO]   Deleted old parquet: proc_2025-01-16.parquet
2026-03-25 11:53:47,779 [INFO]   Deleted old parquet: proc_2025-01-17.parquet
2026-03-25 11:53:47,780 [INFO]   Deleted old parquet: proc_2025-01-18.parquet
2026-03-25 11:53:47,781 [INFO]   Deleted old parquet: proc_2025-01-19.parquet
2026-03-25 11:53:47,782 [INFO]   Deleted old parquet: proc_2025-01-20.parquet
2026-03-25 11:53:47,783 [INFO]   Deleted old parquet: proc_2025-01-21.parquet
2026-03-25 11:53:47,784 [INFO]   Deleted old parquet: proc_2025-01-22.parquet
2026-03-25 11:53:47,785 [INFO]   Deleted old parquet: proc_2025-01-23.parquet
2026-03-25 11:53:47,786 [INFO]   Deleted old parquet: proc_2025-01-24.parquet
2026-03-25 11:53:47,787 [INFO]   Deleted old parquet: proc_2025-01-25.parquet
2026-03-25 11:53:47,789 [INFO]   Deleted old parquet: proc_2025-01-26.parquet
2026-03-25 11:53:47,791 [INFO]   Deleted old parquet: proc_2025-01-27.parquet
2026-03-25 11:53:47,792 [INFO]   Deleted old parquet: proc_2025-01-28.parquet
2026-03-25 11:53:47,793 [INFO]   Deleted old parquet: proc_2025-01-29.parquet
2026-03-25 11:53:47,794 [INFO]   Deleted old parquet: proc_2025-01-30.parquet
2026-03-25 11:53:47,795 [INFO]   Deleted old parquet: proc_2025-01-31.parquet
2026-03-25 11:53:47,796 [INFO]   Deleted old parquet: proc_2025-02-01.parquet
2026-03-25 11:53:47,797 [INFO]   Deleted old parquet: proc_2025-02-02.parquet
2026-03-25 11:53:47,798 [INFO]   Deleted old parquet: proc_2025-02-03.parquet
2026-03-25 11:53:47,799 [INFO]   Deleted old parquet: proc_2025-02-04.parquet
2026-03-25 11:53:47,800 [INFO]   Deleted old parquet: proc_2025-02-05.parquet
2026-03-25 11:53:47,800 [INFO]   Deleted old parquet: proc_2025-02-06.parquet
2026-03-25 11:53:47,801 [INFO]   Deleted old parquet: proc_2025-02-07.parquet
2026-03-25 11:53:47,802 [INFO]   Deleted old parquet: proc_2025-02-08.parquet
2026-03-25 11:53:47,804 [INFO]   Deleted old parquet: proc_2025-02-09.parquet
2026-03-25 11:53:47,806 [INFO]   Deleted old parquet: proc_2025-02-10.parquet
2026-03-25 11:53:47,807 [INFO]   Deleted old parquet: proc_2025-02-11.parquet
2026-03-25 11:53:47,808 [INFO]   Deleted old parquet: proc_2025-02-12.parquet
2026-03-25 11:53:47,809 [INFO]   Deleted old parquet: proc_2025-02-13.parquet
2026-03-25 11:53:47,810 [INFO]   Deleted old parquet: proc_2025-02-14.parquet
2026-03-25 11:53:47,811 [INFO]   Deleted old parquet: proc_2025-02-15.parquet
2026-03-25 11:53:47,812 [INFO]   Deleted old parquet: proc_2025-02-16.parquet
2026-03-25 11:53:47,813 [INFO]   Deleted old parquet: proc_2025-02-17.parquet
2026-03-25 11:53:47,814 [INFO]   Deleted old parquet: proc_2025-02-18.parquet
2026-03-25 11:53:47,815 [INFO]   Deleted old parquet: proc_2025-02-19.parquet
2026-03-25 11:53:47,816 [INFO]   Deleted old parquet: proc_2025-02-20.parquet
2026-03-25 11:53:47,817 [INFO]   Deleted old parquet: proc_2025-02-21.parquet
2026-03-25 11:53:47,818 [INFO]   Deleted old parquet: proc_2025-02-22.parquet
2026-03-25 11:53:47,819 [INFO]   Deleted old parquet: proc_2025-02-23.parquet
2026-03-25 11:53:47,820 [INFO]   Deleted old parquet: proc_2025-02-24.parquet
2026-03-25 11:53:47,822 [INFO]   Deleted old parquet: proc_2025-02-25.parquet
2026-03-25 11:53:47,823 [INFO]   Deleted old parquet: proc_2025-02-26.parquet
2026-03-25 11:53:47,824 [INFO]   Deleted old parquet: proc_2025-02-27.parquet
2026-03-25 11:53:47,826 [INFO]   Deleted old parquet: proc_2025-02-28.parquet
2026-03-25 11:53:47,827 [INFO]   Deleted old parquet: proc_2025-03-01.parquet
2026-03-25 11:53:47,828 [INFO]   Deleted old parquet: proc_2025-03-02.parquet
2026-03-25 11:53:47,829 [INFO]   Deleted old parquet: proc_2025-03-03.parquet
2026-03-25 11:53:47,830 [INFO]   Deleted old parquet: proc_2025-03-04.parquet
2026-03-25 11:53:47,831 [INFO]   Deleted old parquet: proc_2025-03-05.parquet
2026-03-25 11:53:47,832 [INFO]   Deleted old parquet: proc_2025-03-06.parquet
2026-03-25 11:53:47,833 [INFO]   Deleted old parquet: proc_2025-03-07.parquet
2026-03-25 11:53:47,834 [INFO]   Deleted old parquet: proc_2025-03-08.parquet
2026-03-25 11:53:47,835 [INFO]   Deleted old parquet: proc_2025-03-09.parquet
2026-03-25 11:53:47,836 [INFO]   Deleted old parquet: proc_2025-03-10.parquet
2026-03-25 11:53:47,837 [INFO]   Deleted old parquet: proc_2025-03-11.parquet
2026-03-25 11:53:47,839 [INFO]   Deleted old parquet: proc_2025-03-12.parquet
2026-03-25 11:53:47,840 [INFO]   Deleted old parquet: proc_2025-03-13.parquet
2026-03-25 11:53:47,841 [INFO]   Deleted old parquet: proc_2025-03-14.parquet
2026-03-25 11:53:47,842 [INFO]   Deleted old parquet: proc_2025-03-15.parquet
2026-03-25 11:53:47,843 [INFO]   Deleted old parquet: proc_2025-03-16.parquet
2026-03-25 11:53:47,844 [INFO]   Deleted old parquet: proc_2025-03-17.parquet
2026-03-25 11:53:47,845 [INFO]   Deleted old parquet: proc_2025-03-18.parquet
2026-03-25 11:53:47,846 [INFO]   Deleted old parquet: proc_2025-03-19.parquet
2026-03-25 11:53:47,847 [INFO]   Deleted old parquet: proc_2025-03-20.parquet
2026-03-25 11:53:47,848 [INFO]   Deleted old parquet: proc_2025-03-21.parquet
2026-03-25 11:53:47,849 [INFO]   Deleted old parquet: proc_2025-03-22.parquet
2026-03-25 11:53:47,850 [INFO]   Deleted old parquet: proc_2025-03-23.parquet
2026-03-25 11:53:47,851 [INFO]   Deleted old parquet: proc_2025-03-24.parquet
2026-03-25 11:53:47,852 [INFO]   Deleted old parquet: proc_2025-03-25.parquet
2026-03-25 11:53:47,854 [INFO]   Deleted old parquet: proc_2025-03-26.parquet
2026-03-25 11:53:47,856 [INFO]   Deleted old parquet: proc_2025-03-27.parquet
2026-03-25 11:53:47,857 [INFO]   Deleted old parquet: proc_2025-03-28.parquet
2026-03-25 11:53:47,858 [INFO]   Deleted old parquet: proc_2025-03-29.parquet
2026-03-25 11:53:47,859 [INFO]   Deleted old parquet: proc_2025-03-30.parquet
2026-03-25 11:53:47,860 [INFO]   Deleted old parquet: proc_2025-03-31.parquet
2026-03-25 11:53:47,861 [INFO]   Deleted old parquet: proc_2025-04-01.parquet
2026-03-25 11:53:47,862 [INFO]   Deleted old parquet: proc_2025-04-02.parquet
2026-03-25 11:53:47,863 [INFO]   Deleted old parquet: proc_2025-04-03.parquet
2026-03-25 11:53:47,864 [INFO]   Deleted old parquet: proc_2025-04-04.parquet
2026-03-25 11:53:47,865 [INFO]   Deleted old parquet: proc_2025-04-05.parquet
2026-03-25 11:53:47,866 [INFO]   Deleted old parquet: proc_2025-04-06.parquet
2026-03-25 11:53:47,867 [INFO]   Deleted old parquet: proc_2025-04-07.parquet
2026-03-25 11:53:47,868 [INFO]   Deleted old parquet: proc_2025-04-08.parquet
2026-03-25 11:53:47,869 [INFO]   Deleted old parquet: proc_2025-04-09.parquet
2026-03-25 11:53:47,870 [INFO]   Deleted old parquet: proc_2025-04-10.parquet
2026-03-25 11:53:47,872 [INFO]   Deleted old parquet: proc_2025-04-11.parquet
2026-03-25 11:53:47,873 [INFO]   Deleted old parquet: proc_2025-04-12.parquet
2026-03-25 11:53:47,875 [INFO]   Deleted old parquet: proc_2025-04-13.parquet
2026-03-25 11:53:47,876 [INFO]   Deleted old parquet: proc_2025-04-14.parquet
2026-03-25 11:53:47,877 [INFO]   Deleted old parquet: proc_2025-04-15.parquet
2026-03-25 11:53:47,878 [INFO]   Deleted old parquet: proc_2025-04-16.parquet
2026-03-25 11:53:47,879 [INFO]   Deleted old parquet: proc_2025-04-17.parquet
2026-03-25 11:53:47,880 [INFO]   Deleted old parquet: proc_2025-04-18.parquet
2026-03-25 11:53:47,881 [INFO]   Deleted old parquet: proc_2025-04-19.parquet
2026-03-25 11:53:47,882 [INFO]   Deleted old parquet: proc_2025-04-20.parquet
2026-03-25 11:53:47,883 [INFO]   Deleted old parquet: proc_2025-04-21.parquet
2026-03-25 11:53:47,884 [INFO]   Deleted old parquet: proc_2025-04-22.parquet
2026-03-25 11:53:47,885 [INFO]   Deleted old parquet: proc_2025-04-23.parquet
2026-03-25 11:53:47,886 [INFO]   Deleted old parquet: proc_2025-04-24.parquet
2026-03-25 11:53:47,887 [INFO]   Deleted old parquet: proc_2025-04-25.parquet
2026-03-25 11:53:47,889 [INFO]   Deleted old parquet: proc_2025-04-26.parquet
2026-03-25 11:53:47,893 [INFO]   Deleted old parquet: proc_2025-04-27.parquet
2026-03-25 11:53:47,898 [INFO]   Deleted old parquet: proc_2025-04-28.parquet
2026-03-25 11:53:47,899 [INFO]   Deleted old parquet: proc_2025-04-29.parquet
2026-03-25 11:53:47,901 [INFO]   Deleted old parquet: proc_2025-04-30.parquet
2026-03-25 11:53:47,902 [INFO]   Deleted old parquet: proc_2025-05-01.parquet
2026-03-25 11:53:47,903 [INFO]   Deleted old parquet: proc_2025-05-02.parquet
2026-03-25 11:53:47,904 [INFO]   Deleted old parquet: proc_2025-05-03.parquet
2026-03-25 11:53:47,906 [INFO]   Deleted old parquet: proc_2025-05-04.parquet
2026-03-25 11:53:47,907 [INFO]   Deleted old parquet: proc_2025-05-05.parquet
2026-03-25 11:53:47,908 [INFO]   Deleted old parquet: proc_2025-05-06.parquet
2026-03-25 11:53:47,910 [INFO]   Deleted old parquet: proc_2025-05-07.parquet
2026-03-25 11:53:47,911 [INFO]   Deleted old parquet: proc_2025-05-08.parquet
2026-03-25 11:53:47,912 [INFO]   Deleted old parquet: proc_2025-05-09.parquet
2026-03-25 11:53:47,913 [INFO]   Deleted old parquet: proc_2025-05-10.parquet
2026-03-25 11:53:47,914 [INFO]   Deleted old parquet: proc_2025-05-11.parquet
2026-03-25 11:53:47,915 [INFO]   Deleted old parquet: proc_2025-05-12.parquet
2026-03-25 11:53:47,916 [INFO]   Deleted old parquet: proc_2025-05-13.parquet
2026-03-25 11:53:47,917 [INFO]   Deleted old parquet: proc_2025-05-14.parquet
2026-03-25 11:53:47,918 [INFO]   Deleted old parquet: proc_2025-05-15.parquet
2026-03-25 11:53:47,920 [INFO]   Deleted old parquet: proc_2025-05-16.parquet
2026-03-25 11:53:47,921 [INFO]   Deleted old parquet: proc_2025-05-17.parquet
2026-03-25 11:53:47,923 [INFO]   Deleted old parquet: proc_2025-05-18.parquet
2026-03-25 11:53:47,924 [INFO]   Deleted old parquet: proc_2025-05-19.parquet
2026-03-25 11:53:47,926 [INFO]   Deleted old parquet: proc_2025-05-20.parquet
2026-03-25 11:53:47,927 [INFO]   Deleted old parquet: proc_2025-05-21.parquet
2026-03-25 11:53:47,928 [INFO]   Deleted old parquet: proc_2025-05-22.parquet
2026-03-25 11:53:47,929 [INFO]   Deleted old parquet: proc_2025-05-23.parquet
2026-03-25 11:53:47,930 [INFO]   Deleted old parquet: proc_2025-05-24.parquet
2026-03-25 11:53:47,931 [INFO]   Deleted old parquet: proc_2025-05-25.parquet
2026-03-25 11:53:47,932 [INFO]   Deleted old parquet: proc_2025-05-26.parquet
2026-03-25 11:53:47,933 [INFO]   Deleted old parquet: proc_2025-05-27.parquet
2026-03-25 11:53:47,934 [INFO]   Deleted old parquet: proc_2025-05-28.parquet
2026-03-25 11:53:47,935 [INFO]   Deleted old parquet: proc_2025-05-29.parquet
2026-03-25 11:53:47,936 [INFO]   Deleted old parquet: proc_2025-05-30.parquet
2026-03-25 11:53:47,937 [INFO]   Deleted old parquet: proc_2025-05-31.parquet
2026-03-25 11:53:47,938 [INFO]   Deleted old parquet: proc_2025-06-01.parquet
2026-03-25 11:53:47,940 [INFO]   Deleted old parquet: proc_2025-06-02.parquet
2026-03-25 11:53:47,941 [INFO]   Deleted old parquet: proc_2025-06-03.parquet
2026-03-25 11:53:47,942 [INFO]   Deleted old parquet: proc_2025-06-04.parquet
2026-03-25 11:53:47,943 [INFO]   Deleted old parquet: proc_2025-06-05.parquet
2026-03-25 11:53:47,944 [INFO]   Deleted old parquet: proc_2025-06-06.parquet
2026-03-25 11:53:47,945 [INFO]   Deleted old parquet: proc_2025-06-07.parquet
2026-03-25 11:53:47,946 [INFO]   Deleted old parquet: proc_2025-06-08.parquet
2026-03-25 11:53:47,947 [INFO]   Deleted old parquet: proc_2025-06-09.parquet
2026-03-25 11:53:47,948 [INFO]   Deleted old parquet: proc_2025-06-10.parquet
2026-03-25 11:53:47,949 [INFO]   Deleted old parquet: proc_2025-06-11.parquet
2026-03-25 11:53:47,950 [INFO]   Deleted old parquet: proc_2025-06-12.parquet
2026-03-25 11:53:47,951 [INFO]   Deleted old parquet: proc_2025-06-13.parquet
2026-03-25 11:53:47,952 [INFO]   Deleted old parquet: proc_2025-06-14.parquet
2026-03-25 11:53:47,953 [INFO]   Deleted old parquet: proc_2025-06-15.parquet
2026-03-25 11:53:47,955 [INFO]   Deleted old parquet: proc_2025-06-16.parquet
2026-03-25 11:53:47,956 [INFO]   Deleted old parquet: proc_2025-06-17.parquet
2026-03-25 11:53:47,957 [INFO]   Deleted old parquet: proc_2025-06-18.parquet
2026-03-25 11:53:47,958 [INFO]   Deleted old parquet: proc_2025-06-19.parquet
2026-03-25 11:53:47,959 [INFO]   Deleted old parquet: proc_2025-06-20.parquet
2026-03-25 11:53:47,960 [INFO]   Deleted old parquet: proc_2025-06-21.parquet
2026-03-25 11:53:47,961 [INFO]   Deleted old parquet: proc_2025-06-22.parquet
2026-03-25 11:53:47,962 [INFO]   Deleted old parquet: proc_2025-06-23.parquet
2026-03-25 11:53:47,963 [INFO]   Deleted old parquet: proc_2025-06-24.parquet
2026-03-25 11:53:47,964 [INFO]   Deleted old parquet: proc_2025-06-25.parquet
2026-03-25 11:53:47,965 [INFO]   Deleted old parquet: proc_2025-06-26.parquet
2026-03-25 11:53:47,967 [INFO]   Deleted old parquet: proc_2025-06-27.parquet
2026-03-25 11:53:47,967 [INFO]   Deleted old parquet: proc_2025-06-28.parquet
2026-03-25 11:53:47,969 [INFO]   Deleted old parquet: proc_2025-06-29.parquet
2026-03-25 11:53:47,970 [INFO]   Deleted old parquet: proc_2025-06-30.parquet
2026-03-25 11:53:47,971 [INFO]   Deleted old parquet: proc_2025-07-01.parquet
2026-03-25 11:53:47,972 [INFO]   Deleted old parquet: proc_2025-07-02.parquet
2026-03-25 11:53:47,974 [INFO]   Deleted old parquet: proc_2025-07-03.parquet
2026-03-25 11:53:47,975 [INFO]   Deleted old parquet: proc_2025-07-04.parquet
2026-03-25 11:53:47,976 [INFO]   Deleted old parquet: proc_2025-07-05.parquet
2026-03-25 11:53:47,977 [INFO]   Deleted old parquet: proc_2025-07-06.parquet
2026-03-25 11:53:47,978 [INFO]   Deleted old parquet: proc_2025-07-07.parquet
2026-03-25 11:53:47,979 [INFO]   Deleted old parquet: proc_2025-07-08.parquet
2026-03-25 11:53:47,980 [INFO]   Deleted old parquet: proc_2025-07-09.parquet
2026-03-25 11:53:47,981 [INFO]   Deleted old parquet: proc_2025-07-10.parquet
2026-03-25 11:53:47,982 [INFO]   Deleted old parquet: proc_2025-07-11.parquet
2026-03-25 11:53:47,983 [INFO]   Deleted old parquet: proc_2025-07-12.parquet
2026-03-25 11:53:47,984 [INFO]   Deleted old parquet: proc_2025-07-13.parquet
2026-03-25 11:53:47,985 [INFO]   Deleted old parquet: proc_2025-07-14.parquet
2026-03-25 11:53:47,986 [INFO]   Deleted old parquet: proc_2025-07-15.parquet
2026-03-25 11:53:47,988 [INFO]   Deleted old parquet: proc_2025-07-16.parquet
2026-03-25 11:53:47,990 [INFO]   Deleted old parquet: proc_2025-07-17.parquet
2026-03-25 11:53:47,991 [INFO]   Deleted old parquet: proc_2025-07-18.parquet
2026-03-25 11:53:47,992 [INFO]   Deleted old parquet: proc_2025-07-19.parquet
2026-03-25 11:53:47,993 [INFO]   Deleted old parquet: proc_2025-07-20.parquet
2026-03-25 11:53:47,994 [INFO]   Deleted old parquet: proc_2025-07-21.parquet
2026-03-25 11:53:47,995 [INFO]   Deleted old parquet: proc_2025-07-22.parquet
2026-03-25 11:53:47,996 [INFO]   Deleted old parquet: proc_2025-07-23.parquet
2026-03-25 11:53:47,997 [INFO]   Deleted old parquet: proc_2025-07-24.parquet
2026-03-25 11:53:47,998 [INFO]   Deleted old parquet: proc_2025-07-25.parquet
2026-03-25 11:53:47,999 [INFO]   Deleted old parquet: proc_2025-07-26.parquet
2026-03-25 11:53:48,000 [INFO]   Deleted old parquet: proc_2025-07-27.parquet
2026-03-25 11:53:48,001 [INFO]   Deleted old parquet: proc_2025-07-28.parquet
2026-03-25 11:53:48,002 [INFO]   Deleted old parquet: proc_2025-07-29.parquet
2026-03-25 11:53:48,003 [INFO]   Deleted old parquet: proc_2025-07-30.parquet
2026-03-25 11:53:48,005 [INFO]   Deleted old parquet: proc_2025-07-31.parquet
2026-03-25 11:53:48,007 [INFO]   Deleted old parquet: proc_2025-08-01.parquet
2026-03-25 11:53:48,008 [INFO]   Deleted old parquet: proc_2025-08-02.parquet
2026-03-25 11:53:48,009 [INFO]   Deleted old parquet: proc_2025-08-03.parquet
2026-03-25 11:53:48,010 [INFO]   Deleted old parquet: proc_2025-08-04.parquet
2026-03-25 11:53:48,011 [INFO]   Deleted old parquet: proc_2025-08-05.parquet
2026-03-25 11:53:48,012 [INFO]   Deleted old parquet: proc_2025-08-06.parquet
2026-03-25 11:53:48,013 [INFO]   Deleted old parquet: proc_2025-08-07.parquet
2026-03-25 11:53:48,014 [INFO]   Deleted old parquet: proc_2025-08-08.parquet
2026-03-25 11:53:48,015 [INFO]   Deleted old parquet: proc_2025-08-09.parquet
2026-03-25 11:53:48,016 [INFO]   Deleted old parquet: proc_2025-08-10.parquet
2026-03-25 11:53:48,017 [INFO]   Deleted old parquet: proc_2025-08-11.parquet
2026-03-25 11:53:48,018 [INFO]   Deleted old parquet: proc_2025-08-12.parquet
2026-03-25 11:53:48,019 [INFO]   Deleted old parquet: proc_2025-08-13.parquet
2026-03-25 11:53:48,021 [INFO]   Deleted old parquet: proc_2025-08-14.parquet
2026-03-25 11:53:48,022 [INFO]   Deleted old parquet: proc_2025-08-15.parquet
2026-03-25 11:53:48,024 [INFO]   Deleted old parquet: proc_2025-08-16.parquet
2026-03-25 11:53:48,025 [INFO]   Deleted old parquet: proc_2025-08-17.parquet
2026-03-25 11:53:48,026 [INFO]   Deleted old parquet: proc_2025-08-18.parquet
2026-03-25 11:53:48,027 [INFO]   Deleted old parquet: proc_2025-08-19.parquet
2026-03-25 11:53:48,028 [INFO]   Deleted old parquet: proc_2025-08-20.parquet
2026-03-25 11:53:48,029 [INFO]   Deleted old parquet: proc_2025-08-21.parquet
2026-03-25 11:53:48,030 [INFO]   Deleted old parquet: proc_2025-08-22.parquet
2026-03-25 11:53:48,031 [INFO]   Deleted old parquet: proc_2025-08-23.parquet
2026-03-25 11:53:48,032 [INFO]   Deleted old parquet: proc_2025-08-24.parquet
2026-03-25 11:53:48,033 [INFO]   Deleted old parquet: proc_2025-08-25.parquet
2026-03-25 11:53:48,034 [INFO]   Deleted old parquet: proc_2025-08-26.parquet
2026-03-25 11:53:48,035 [INFO]   Deleted old parquet: proc_2025-08-27.parquet
2026-03-25 11:53:48,036 [INFO]   Deleted old parquet: proc_2025-08-28.parquet
2026-03-25 11:53:48,037 [INFO]   Deleted old parquet: proc_2025-08-29.parquet
2026-03-25 11:53:48,039 [INFO]   Deleted old parquet: proc_2025-08-30.parquet
2026-03-25 11:53:48,040 [INFO]   Deleted old parquet: proc_2025-08-31.parquet
2026-03-25 11:53:48,042 [INFO]   Deleted old parquet: proc_2025-09-01.parquet
2026-03-25 11:53:48,043 [INFO]   Deleted old parquet: proc_2025-09-02.parquet
2026-03-25 11:53:48,044 [INFO]   Deleted old parquet: proc_2025-09-03.parquet
2026-03-25 11:53:48,045 [INFO]   Deleted old parquet: proc_2025-09-04.parquet
2026-03-25 11:53:48,046 [INFO]   Deleted old parquet: proc_2025-09-05.parquet
2026-03-25 11:53:48,047 [INFO]   Deleted old parquet: proc_2025-09-06.parquet
2026-03-25 11:53:48,048 [INFO]   Deleted old parquet: proc_2025-09-07.parquet
2026-03-25 11:53:48,049 [INFO]   Deleted old parquet: proc_2025-09-08.parquet
2026-03-25 11:53:48,050 [INFO]   Deleted old parquet: proc_2025-09-09.parquet
2026-03-25 11:53:48,051 [INFO]   Deleted old parquet: proc_2025-09-10.parquet
2026-03-25 11:53:48,052 [INFO]   Deleted old parquet: proc_2025-09-11.parquet
2026-03-25 11:53:48,053 [INFO]   Deleted old parquet: proc_2025-09-12.parquet
2026-03-25 11:53:48,054 [INFO]   Deleted old parquet: proc_2025-09-13.parquet
2026-03-25 11:53:48,056 [INFO]   Deleted old parquet: proc_2025-09-14.parquet
2026-03-25 11:53:48,057 [INFO]   Deleted old parquet: proc_2025-09-15.parquet
2026-03-25 11:53:48,058 [INFO]   Deleted old parquet: proc_2025-09-16.parquet
2026-03-25 11:53:48,059 [INFO]   Deleted old parquet: proc_2025-09-17.parquet
2026-03-25 11:53:48,060 [INFO]   Deleted old parquet: proc_2025-09-18.parquet
2026-03-25 11:53:48,062 [INFO]   Deleted old parquet: proc_2025-09-19.parquet
2026-03-25 11:53:48,063 [INFO]   Deleted old parquet: proc_2025-09-20.parquet
2026-03-25 11:53:48,064 [INFO]   Deleted old parquet: proc_2025-09-21.parquet
2026-03-25 11:53:48,065 [INFO]   Deleted old parquet: proc_2025-09-22.parquet
2026-03-25 11:53:48,066 [INFO]   Deleted old parquet: proc_2025-09-23.parquet
2026-03-25 11:53:48,067 [INFO]   Deleted old parquet: proc_2025-09-24.parquet
2026-03-25 11:53:48,068 [INFO]   Deleted old parquet: proc_2025-09-25.parquet
2026-03-25 11:53:48,069 [INFO]   Deleted old parquet: proc_2025-09-26.parquet
2026-03-25 11:53:48,070 [INFO]   Deleted old parquet: proc_2025-09-27.parquet
2026-03-25 11:53:48,072 [INFO]   Deleted old parquet: proc_2025-09-28.parquet
2026-03-25 11:53:48,073 [INFO]   Deleted old parquet: proc_2025-09-29.parquet
2026-03-25 11:53:48,075 [INFO]   Deleted old parquet: proc_2025-09-30.parquet
2026-03-25 11:53:48,076 [INFO]   Deleted old parquet: proc_2025-10-01.parquet
2026-03-25 11:53:48,077 [INFO]   Deleted old parquet: proc_2025-10-02.parquet
2026-03-25 11:53:48,078 [INFO]   Deleted old parquet: proc_2025-10-03.parquet
2026-03-25 11:53:48,079 [INFO]   Deleted old parquet: proc_2025-10-04.parquet
2026-03-25 11:53:48,080 [INFO]   Deleted old parquet: proc_2025-10-05.parquet
2026-03-25 11:53:48,081 [INFO]   Deleted old parquet: proc_2025-10-06.parquet
2026-03-25 11:53:48,082 [INFO]   Deleted old parquet: proc_2025-10-07.parquet
2026-03-25 11:53:48,084 [INFO]   Deleted old parquet: proc_2025-10-08.parquet
2026-03-25 11:53:48,085 [INFO]   Deleted old parquet: proc_2025-10-09.parquet
2026-03-25 11:53:48,086 [INFO]   Deleted old parquet: proc_2025-10-10.parquet
2026-03-25 11:53:48,087 [INFO]   Deleted old parquet: proc_2025-10-11.parquet
2026-03-25 11:53:48,089 [INFO]   Deleted old parquet: proc_2025-10-12.parquet
2026-03-25 11:53:48,090 [INFO]   Deleted old parquet: proc_2025-10-13.parquet
2026-03-25 11:53:48,092 [INFO]   Deleted old parquet: proc_2025-10-14.parquet
2026-03-25 11:53:48,093 [INFO]   Deleted old parquet: proc_2025-10-15.parquet
2026-03-25 11:53:48,094 [INFO]   Deleted old parquet: proc_2025-10-16.parquet
2026-03-25 11:53:48,095 [INFO]   Deleted old parquet: proc_2025-10-17.parquet
2026-03-25 11:53:48,096 [INFO]   Deleted old parquet: proc_2025-10-18.parquet
2026-03-25 11:53:48,097 [INFO]   Deleted old parquet: proc_2025-10-19.parquet
2026-03-25 11:53:48,098 [INFO]   Deleted old parquet: proc_2025-10-20.parquet
2026-03-25 11:53:48,100 [INFO]   Deleted old parquet: proc_2025-10-21.parquet
2026-03-25 11:53:48,101 [INFO]   Deleted old parquet: proc_2025-10-22.parquet
2026-03-25 11:53:48,102 [INFO]   Deleted old parquet: proc_2025-10-23.parquet
2026-03-25 11:53:48,103 [INFO]   Deleted old parquet: proc_2025-10-24.parquet
2026-03-25 11:53:48,104 [INFO]   Deleted old parquet: proc_2025-10-25.parquet
2026-03-25 11:53:48,106 [INFO]   Deleted old parquet: proc_2025-10-26.parquet
2026-03-25 11:53:48,108 [INFO]   Deleted old parquet: proc_2025-10-27.parquet
2026-03-25 11:53:48,109 [INFO]   Deleted old parquet: proc_2025-10-28.parquet
2026-03-25 11:53:48,110 [INFO]   Deleted old parquet: proc_2025-10-29.parquet
2026-03-25 11:53:48,111 [INFO]   Deleted old parquet: proc_2025-10-30.parquet
2026-03-25 11:53:48,112 [INFO]   Deleted old parquet: proc_2025-10-31.parquet
2026-03-25 11:53:48,113 [INFO]   Deleted old parquet: proc_2025-11-01.parquet
2026-03-25 11:53:48,114 [INFO]   Deleted old parquet: proc_2025-11-02.parquet
2026-03-25 11:53:48,115 [INFO]   Deleted old parquet: proc_2025-11-03.parquet
2026-03-25 11:53:48,116 [INFO]   Deleted old parquet: proc_2025-11-04.parquet
2026-03-25 11:53:48,117 [INFO]   Deleted old parquet: proc_2025-11-05.parquet
2026-03-25 11:53:48,118 [INFO]   Deleted old parquet: proc_2025-11-06.parquet
2026-03-25 11:53:48,120 [INFO]   Deleted old parquet: proc_2025-11-07.parquet
2026-03-25 11:53:48,121 [INFO]   Deleted old parquet: proc_2025-11-08.parquet
2026-03-25 11:53:48,123 [INFO]   Deleted old parquet: proc_2025-11-09.parquet
2026-03-25 11:53:48,125 [INFO]   Deleted old parquet: proc_2025-11-10.parquet
2026-03-25 11:53:48,126 [INFO]   Deleted old parquet: proc_2025-11-11.parquet
2026-03-25 11:53:48,127 [INFO]   Deleted old parquet: proc_2025-11-12.parquet
2026-03-25 11:53:48,128 [INFO]   Deleted old parquet: proc_2025-11-13.parquet
2026-03-25 11:53:48,129 [INFO]   Deleted old parquet: proc_2025-11-14.parquet
2026-03-25 11:53:48,130 [INFO]   Deleted old parquet: proc_2025-11-15.parquet
2026-03-25 11:53:48,131 [INFO]   Deleted old parquet: proc_2025-11-16.parquet
2026-03-25 11:53:48,132 [INFO]   Deleted old parquet: proc_2025-11-17.parquet
2026-03-25 11:53:48,134 [INFO]   Deleted old parquet: proc_2025-11-18.parquet
2026-03-25 11:53:48,135 [INFO]   Deleted old parquet: proc_2025-11-19.parquet
2026-03-25 11:53:48,136 [INFO]   Deleted old parquet: proc_2025-11-20.parquet
2026-03-25 11:53:48,137 [INFO]   Deleted old parquet: proc_2025-11-21.parquet
2026-03-25 11:53:48,139 [INFO]   Deleted old parquet: proc_2025-11-22.parquet
2026-03-25 11:53:48,140 [INFO]   Deleted old parquet: proc_2025-11-23.parquet
2026-03-25 11:53:48,141 [INFO]   Deleted old parquet: proc_2025-11-24.parquet
2026-03-25 11:53:48,143 [INFO]   Deleted old parquet: proc_2025-11-25.parquet
2026-03-25 11:53:48,144 [INFO]   Deleted old parquet: proc_2025-11-26.parquet
2026-03-25 11:53:48,145 [INFO]   Deleted old parquet: proc_2025-11-27.parquet
2026-03-25 11:53:48,146 [INFO]   Deleted old parquet: proc_2025-11-28.parquet
2026-03-25 11:53:48,147 [INFO]   Deleted old parquet: proc_2025-11-29.parquet
2026-03-25 11:53:48,148 [INFO]   Deleted old parquet: proc_2025-11-30.parquet
2026-03-25 11:53:48,149 [INFO]   Deleted old parquet: proc_2025-12-01.parquet
2026-03-25 11:53:48,150 [INFO]   Deleted old parquet: proc_2025-12-02.parquet
2026-03-25 11:53:48,151 [INFO]   Deleted old parquet: proc_2025-12-03.parquet
2026-03-25 11:53:48,152 [INFO]   Deleted old parquet: proc_2025-12-04.parquet
2026-03-25 11:53:48,154 [INFO]   Deleted old parquet: proc_2025-12-05.parquet
2026-03-25 11:53:48,156 [INFO]   Deleted old parquet: proc_2025-12-06.parquet
2026-03-25 11:53:48,158 [INFO]   Deleted old parquet: proc_2025-12-07.parquet
2026-03-25 11:53:48,159 [INFO]   Deleted old parquet: proc_2025-12-08.parquet
2026-03-25 11:53:48,160 [INFO]   Deleted old parquet: proc_2025-12-09.parquet
2026-03-25 11:53:48,161 [INFO]   Deleted old parquet: proc_2025-12-10.parquet
2026-03-25 11:53:48,163 [INFO]   Deleted old parquet: proc_2025-12-11.parquet
2026-03-25 11:53:48,164 [INFO]   Deleted old parquet: proc_2025-12-12.parquet
2026-03-25 11:53:48,165 [INFO]   Deleted old parquet: proc_2025-12-13.parquet
2026-03-25 11:53:48,166 [INFO]   Deleted old parquet: proc_2025-12-14.parquet
2026-03-25 11:53:48,167 [INFO]   Deleted old parquet: proc_2025-12-15.parquet
2026-03-25 11:53:48,168 [INFO]   Deleted old parquet: proc_2025-12-16.parquet
2026-03-25 11:53:48,169 [INFO]   Deleted old parquet: proc_2025-12-17.parquet
2026-03-25 11:53:48,171 [INFO]   Deleted old parquet: proc_2025-12-18.parquet
2026-03-25 11:53:48,173 [INFO]   Deleted old parquet: proc_2025-12-19.parquet
2026-03-25 11:53:48,174 [INFO]   Deleted old parquet: proc_2025-12-20.parquet
2026-03-25 11:53:48,176 [INFO]   Deleted old parquet: proc_2025-12-21.parquet
2026-03-25 11:53:48,177 [INFO]   Deleted old parquet: proc_2025-12-22.parquet
2026-03-25 11:53:48,178 [INFO]   Deleted old parquet: proc_2025-12-23.parquet
2026-03-25 11:53:48,179 [INFO]   Deleted old parquet: proc_2025-12-24.parquet
2026-03-25 11:53:48,180 [INFO]   Deleted old parquet: proc_2025-12-25.parquet
2026-03-25 11:53:48,181 [INFO]   Deleted old parquet: proc_2025-12-26.parquet
2026-03-25 11:53:48,182 [INFO]   Deleted old parquet: proc_2025-12-27.parquet
2026-03-25 11:53:48,184 [INFO]   Deleted old parquet: proc_2025-12-28.parquet
2026-03-25 11:53:48,185 [INFO]   Deleted old parquet: proc_2025-12-29.parquet
2026-03-25 11:53:48,186 [INFO]   Deleted old parquet: proc_2025-12-30.parquet
2026-03-25 11:53:48,187 [INFO]   Deleted old parquet: proc_2025-12-31.parquet
2026-03-25 11:53:48,189 [INFO]   Deleted old parquet: proc_2026-01-01.parquet
2026-03-25 11:53:48,191 [INFO]   Deleted old parquet: proc_2026-01-02.parquet
2026-03-25 11:53:48,192 [INFO]   Deleted old parquet: proc_2026-01-03.parquet
2026-03-25 11:53:48,193 [INFO]   Deleted old parquet: proc_2026-01-04.parquet
2026-03-25 11:53:48,194 [INFO]   Deleted old parquet: proc_2026-01-05.parquet
2026-03-25 11:53:48,195 [INFO]   Deleted old parquet: proc_2026-01-06.parquet
2026-03-25 11:53:48,197 [INFO]   Deleted old parquet: proc_2026-01-07.parquet
2026-03-25 11:53:48,198 [INFO]   Deleted old parquet: proc_2026-01-08.parquet
2026-03-25 11:53:48,199 [INFO]   Deleted old parquet: proc_2026-01-09.parquet
2026-03-25 11:53:48,200 [INFO]   Deleted old parquet: proc_2026-01-10.parquet
2026-03-25 11:53:48,201 [INFO]   Deleted old parquet: proc_2026-01-11.parquet
2026-03-25 11:53:48,202 [INFO]   Deleted old parquet: proc_2026-01-12.parquet
2026-03-25 11:53:48,203 [INFO]   Deleted old parquet: proc_2026-01-13.parquet
2026-03-25 11:53:48,205 [INFO]   Deleted old parquet: proc_2026-01-14.parquet
2026-03-25 11:53:48,207 [INFO]   Deleted old parquet: proc_2026-01-15.parquet
2026-03-25 11:53:48,208 [INFO]   Deleted old parquet: proc_2026-01-16.parquet
2026-03-25 11:53:48,209 [INFO]   Deleted old parquet: proc_2026-01-17.parquet
2026-03-25 11:53:48,211 [INFO]   Deleted old parquet: proc_2026-01-18.parquet
2026-03-25 11:53:48,212 [INFO]   Deleted old parquet: proc_2026-01-19.parquet
2026-03-25 11:53:48,213 [INFO]   Deleted old parquet: proc_2026-01-20.parquet
2026-03-25 11:53:48,214 [INFO]   Deleted old parquet: proc_2026-01-21.parquet
2026-03-25 11:53:48,215 [INFO]   Deleted old parquet: proc_2026-01-22.parquet
2026-03-25 11:53:48,216 [INFO]   Deleted old parquet: proc_2026-01-23.parquet
2026-03-25 11:53:48,217 [INFO]   Deleted old parquet: proc_2026-01-24.parquet
2026-03-25 11:53:48,219 [INFO]   Deleted old parquet: proc_2026-01-25.parquet
2026-03-25 11:53:48,220 [INFO]   Deleted old parquet: proc_2026-01-26.parquet
2026-03-25 11:53:48,221 [INFO]   Deleted old parquet: proc_2026-01-27.parquet
2026-03-25 11:53:48,223 [INFO]   Deleted old parquet: proc_2026-01-28.parquet
2026-03-25 11:53:48,225 [INFO]   Deleted old parquet: proc_2026-01-29.parquet
2026-03-25 11:53:48,226 [INFO]   Deleted old parquet: proc_2026-01-30.parquet
2026-03-25 11:53:48,227 [INFO]   Deleted old parquet: proc_2026-01-31.parquet
2026-03-25 11:53:48,228 [INFO]   Deleted old parquet: proc_2026-02-01.parquet
2026-03-25 11:53:48,229 [INFO]   Deleted old parquet: proc_2026-02-02.parquet
2026-03-25 11:53:48,230 [INFO]   Deleted old parquet: proc_2026-02-03.parquet
2026-03-25 11:53:48,232 [INFO]   Deleted old parquet: proc_2026-02-04.parquet
2026-03-25 11:53:48,233 [INFO]   Deleted old parquet: proc_2026-02-05.parquet
2026-03-25 11:53:48,234 [INFO]   Deleted old parquet: proc_2026-02-06.parquet
2026-03-25 11:53:48,235 [INFO]   Deleted old parquet: proc_2026-02-07.parquet
2026-03-25 11:53:48,235 [INFO] Purged 410 parquet files older than 2026-02-08
2026-03-25 11:53:48,238 [INFO] Building snapshot for 2026-02-28
2026-03-25 11:53:48,238 [INFO]   MTD:   2026-02-01 -> 2026-02-28  (28d)
2026-03-25 11:53:48,238 [INFO]   LM:    2026-01-01 -> 2026-01-31  (31d)
2026-03-25 11:53:48,239 [INFO]   LMTD:  2026-01-01 -> 2026-01-28  (28d)
2026-03-25 11:53:48,239 [INFO]   LYMTD: 2025-02-01 -> 2025-02-28  (28d)
2026-03-25 11:53:48,239 [INFO]   LYSM:  2025-02-01 -> 2025-02-28
2026-03-25 11:53:52,281 [INFO] Snapshot built -- 4,836 HPCs
2026-03-25 11:53:57,525 [INFO] Building farmer health for 2026-02-28
2026-03-25 12:40:47,994 [INFO] Building snapshot for 2026-02-28
2026-03-25 12:40:47,995 [INFO]   MTD:   2026-02-01 -> 2026-02-28  (28d)
2026-03-25 12:40:47,995 [INFO]   LM:    2026-01-01 -> 2026-01-31  (31d)
2026-03-25 12:40:47,995 [INFO]   LMTD:  2026-01-01 -> 2026-01-28  (28d)
2026-03-25 12:40:47,995 [INFO]   LYMTD: 2025-02-01 -> 2025-02-28  (28d)
2026-03-25 12:40:47,995 [INFO]   LYSM:  2025-02-01 -> 2025-02-28
2026-03-25 12:40:55,638 [INFO] Snapshot built -- 4,836 HPCs
2026-03-25 12:40:55,655 [INFO] Building farmer health for 2026-02-28
2026-03-25 12:40:56,493 [INFO] Farmer health built — 4,735 HPCs for 2026-02-28
2026-03-25 12:40:56,500 [INFO] Building farmer RFM for 2026-02-28
2026-03-25 12:40:56,740 [INFO]   RFM thresholds: F=[27,28d] M=[4199.09,11462.1 Rs]
2026-03-25 12:40:57,136 [INFO]   Dormant candidate count: 9,688
2026-03-25 12:40:57,161 [INFO]   Current month active farmers: 97,739
2026-03-25 12:40:58,026 [INFO]   Current month active farmers : 97,739
2026-03-25 12:40:58,026 [INFO]   Dormant candidates (LM->now) : 9,688
2026-03-25 12:40:58,027 [INFO]   Churned candidates (2m->now) : 7,797
2026-03-25 12:40:59,915 [INFO]   RFM At Risk: 28,677
2026-03-25 12:40:59,916 [INFO]   RFM Champion: 52,299
2026-03-25 12:40:59,916 [INFO]   RFM Churned: 7,797
2026-03-25 12:40:59,916 [INFO]   RFM Dormant: 9,688
2026-03-25 12:40:59,916 [INFO]   RFM Loyal: 16,763
2026-03-25 13:15:41,150 [INFO] Building snapshot for 2026-02-28
2026-03-25 13:15:41,150 [INFO]   MTD:   2026-02-01 -> 2026-02-28  (28d)
2026-03-25 13:15:41,151 [INFO]   LM:    2026-01-01 -> 2026-01-31  (31d)
2026-03-25 13:15:41,151 [INFO]   LMTD:  2026-01-01 -> 2026-01-28  (28d)
2026-03-25 13:15:41,152 [INFO]   LYMTD: 2025-02-01 -> 2025-02-28  (28d)
2026-03-25 13:15:41,152 [INFO]   LYSM:  2025-02-01 -> 2025-02-28
2026-03-25 13:15:56,094 [INFO] Snapshot built -- 4,836 HPCs
2026-03-25 13:15:56,143 [INFO] Building farmer health for 2026-02-28
2026-03-25 13:15:57,681 [INFO] Farmer health built — 4,735 HPCs for 2026-02-28
2026-03-25 13:15:57,692 [INFO] Building farmer RFM for 2026-02-28
2026-03-25 13:15:58,160 [INFO]   RFM thresholds: F=[27,28d] M=[4648.33,11964.24 Rs]
2026-03-25 13:15:58,743 [INFO]   Dormant candidate count: 9,602
2026-03-25 13:15:58,797 [INFO]   Current month active farmers: 93,518
2026-03-25 13:16:00,260 [INFO]   Current month active farmers : 93,518
2026-03-25 13:16:00,261 [INFO]   Dormant candidates (LM->now) : 9,602
2026-03-25 13:16:00,261 [INFO]   Churned candidates (2m->now) : 7,797
2026-03-25 13:16:03,053 [INFO]   RFM At Risk: 28,446
2026-03-25 13:16:03,054 [INFO]   RFM Champion: 50,742
2026-03-25 13:16:03,055 [INFO]   RFM Churned: 7,722
2026-03-25 13:16:03,055 [INFO]   RFM Dormant: 9,602
2026-03-25 13:16:03,055 [INFO]   RFM Loyal: 14,330
